<?xml version="1.0" encoding="utf-8"?>
<CoverageSession xmlns:xsi="http://www.w3.org/2001/XMLSchema-instance" xmlns:xsd="http://www.w3.org/2001/XMLSchema">
  <Summary numSequencePoints="708" visitedSequencePoints="73" numBranchPoints="250" visitedBranchPoints="18" sequenceCoverage="10.31" branchCoverage="7.2" maxCyclomaticComplexity="22" minCyclomaticComplexity="1" visitedClasses="7" numClasses="24" visitedMethods="10" numMethods="95" />
  <Modules>
    <Module skippedDueTo="Filter" hash="BB-A6-B6-32-FE-71-D6-2A-BF-FB-83-D6-4D-FE-CD-8F-AE-2C-62-37">
      <ModulePath>C:\Windows\Microsoft.Net\assembly\GAC_32\mscorlib\v4.0_4.0.0.0__b77a5c561934e089\mscorlib.dll</ModulePath>
      <ModuleTime>2016-04-23T00:33:57.9486053Z</ModuleTime>
      <ModuleName>mscorlib</ModuleName>
      <Classes />
    </Module>
    <Module skippedDueTo="MissingPdb" hash="39-01-E2-5F-71-5D-AA-51-23-80-49-62-A8-D8-8C-FC-B6-EA-77-FC">
      <ModulePath>D:\Git\Academy\HighQualityCode\UnitTesting\packages\NUnit.ConsoleRunner.3.4.1\tools\nunit3-console.exe</ModulePath>
      <ModuleTime>2016-06-30T09:00:20Z</ModuleTime>
      <ModuleName>nunit3-console</ModuleName>
      <Classes />
    </Module>
    <Module skippedDueTo="Filter" hash="C0-93-FE-4F-FD-12-B2-6F-B4-CA-85-4A-31-E8-FF-BB-2B-7C-0C-73">
      <ModulePath>C:\Windows\Microsoft.Net\assembly\GAC_MSIL\System\v4.0_4.0.0.0__b77a5c561934e089\System.dll</ModulePath>
      <ModuleTime>2016-04-27T06:31:03.8601995Z</ModuleTime>
      <ModuleName>System</ModuleName>
      <Classes />
    </Module>
    <Module skippedDueTo="MissingPdb" hash="74-2B-31-4F-BD-7B-73-76-C0-30-AC-55-12-B1-7E-9C-10-8C-C8-34">
      <ModulePath>D:\Git\Academy\HighQualityCode\UnitTesting\packages\NUnit.ConsoleRunner.3.4.1\tools\nunit.engine.api.dll</ModulePath>
      <ModuleTime>2016-06-30T09:00:20Z</ModuleTime>
      <ModuleName>nunit.engine.api</ModuleName>
      <Classes />
    </Module>
    <Module skippedDueTo="MissingPdb" hash="E0-10-22-20-83-E1-A8-7F-08-F6-48-67-DF-02-4E-03-1C-34-D1-0C">
      <ModulePath>D:\Git\Academy\HighQualityCode\UnitTesting\packages\NUnit.ConsoleRunner.3.4.1\tools\nunit.engine.dll</ModulePath>
      <ModuleTime>2016-06-30T09:00:20Z</ModuleTime>
      <ModuleName>nunit.engine</ModuleName>
      <Classes />
    </Module>
    <Module skippedDueTo="Filter" hash="14-44-50-38-34-98-5F-C6-45-8B-50-B5-CF-D7-E1-0A-28-8F-5E-E8">
      <ModulePath>C:\Windows\Microsoft.Net\assembly\GAC_MSIL\System.Xml\v4.0_4.0.0.0__b77a5c561934e089\System.Xml.dll</ModulePath>
      <ModuleTime>2016-02-13T11:57:50.7586266Z</ModuleTime>
      <ModuleName>System.Xml</ModuleName>
      <Classes />
    </Module>
    <Module skippedDueTo="Filter" hash="A4-28-7D-C5-05-C4-B2-93-A0-DF-75-C3-4A-93-BE-B3-A7-C2-8D-5D">
      <ModulePath>C:\Windows\Microsoft.Net\assembly\GAC_32\System.Web\v4.0_4.0.0.0__b03f5f7f11d50a3a\System.Web.dll</ModulePath>
      <ModuleTime>2016-02-24T02:12:41.9348548Z</ModuleTime>
      <ModuleName>System.Web</ModuleName>
      <Classes />
    </Module>
    <Module skippedDueTo="MissingPdb" hash="8A-2E-8F-D6-9D-39-02-4A-2F-30-FC-06-42-F7-0F-A8-32-69-07-72">
      <ModulePath>D:\Git\Academy\HighQualityCode\UnitTesting\packages\NUnit.ConsoleRunner.3.4.1\tools\Mono.Cecil.dll</ModulePath>
      <ModuleTime>2016-06-30T09:00:20Z</ModuleTime>
      <ModuleName>Mono.Cecil</ModuleName>
      <Classes />
    </Module>
    <Module skippedDueTo="Filter" hash="9C-FE-E2-A6-9F-FD-D5-B5-60-E4-1D-A6-78-A7-71-C0-A5-E7-22-B1">
      <ModulePath>C:\Windows\Microsoft.Net\assembly\GAC_MSIL\System.Runtime.Remoting\v4.0_4.0.0.0__b77a5c561934e089\System.Runtime.Remoting.dll</ModulePath>
      <ModuleTime>2015-10-30T05:45:51.111512Z</ModuleTime>
      <ModuleName>System.Runtime.Remoting</ModuleName>
      <Classes />
    </Module>
    <Module skippedDueTo="Filter" hash="49-F6-B9-FA-89-1F-12-21-02-F2-B4-EB-98-8E-A0-5F-9D-8D-B9-EB">
      <ModulePath>C:\Windows\Microsoft.Net\assembly\GAC_MSIL\System.Configuration\v4.0_4.0.0.0__b03f5f7f11d50a3a\System.Configuration.dll</ModulePath>
      <ModuleTime>2015-10-30T05:45:51.0646304Z</ModuleTime>
      <ModuleName>System.Configuration</ModuleName>
      <Classes />
    </Module>
    <Module skippedDueTo="MissingPdb" hash="C5-64-F5-71-74-53-B1-B1-DC-01-96-83-7A-10-83-5D-E8-5B-E1-ED">
      <ModulePath>D:\Git\Academy\HighQualityCode\UnitTesting\packages\NUnit.ConsoleRunner.3.4.1\tools\nunit-agent.exe</ModulePath>
      <ModuleTime>2016-06-30T09:00:20Z</ModuleTime>
      <ModuleName>nunit-agent</ModuleName>
      <Classes />
    </Module>
    <Module skippedDueTo="MissingPdb" hash="16-21-71-7F-B6-D2-94-AE-3B-13-A0-FD-1E-B3-D0-76-DC-B0-DA-7B">
      <ModulePath>D:\Git\Academy\HighQualityCode\UnitTesting\Deck.Tests\bin\Debug\nunit.framework.dll</ModulePath>
      <ModuleTime>2016-06-30T09:00:16Z</ModuleTime>
      <ModuleName>nunit.framework</ModuleName>
      <Classes />
    </Module>
    <Module skippedDueTo="Filter" hash="6D-E2-C1-DC-D0-43-62-D5-0D-26-7F-96-9C-67-32-F2-C7-1C-04-6F">
      <ModulePath>C:\Windows\Microsoft.Net\assembly\GAC_MSIL\System.Core\v4.0_4.0.0.0__b77a5c561934e089\System.Core.dll</ModulePath>
      <ModuleTime>2015-10-30T05:45:49.0331796Z</ModuleTime>
      <ModuleName>System.Core</ModuleName>
      <Classes />
    </Module>
    <Module hash="BC-33-AA-85-EE-84-0D-ED-86-D1-E7-ED-53-BE-B5-90-64-48-3C-C0">
      <Summary numSequencePoints="11" visitedSequencePoints="11" numBranchPoints="4" visitedBranchPoints="4" sequenceCoverage="100" branchCoverage="100" maxCyclomaticComplexity="2" minCyclomaticComplexity="1" visitedClasses="2" numClasses="2" visitedMethods="2" numMethods="2" />
      <ModulePath>D:\Git\Academy\HighQualityCode\UnitTesting\Deck.Tests\bin\Debug\Deck.Tests.dll</ModulePath>
      <ModuleTime>2016-07-28T14:01:41.9518726Z</ModuleTime>
      <ModuleName>Deck.Tests</ModuleName>
      <Files>
        <File uid="1" fullPath="D:\Git\Academy\HighQualityCode\UnitTesting\Deck.Tests\DeckTest.cs" />
      </Files>
      <Classes>
        <Class>
          <Summary numSequencePoints="0" visitedSequencePoints="0" numBranchPoints="0" visitedBranchPoints="0" sequenceCoverage="0" branchCoverage="0" maxCyclomaticComplexity="0" minCyclomaticComplexity="0" visitedClasses="0" numClasses="0" visitedMethods="0" numMethods="0" />
          <FullName>&lt;Module&gt;</FullName>
          <Methods />
        </Class>
        <Class>
          <Summary numSequencePoints="10" visitedSequencePoints="10" numBranchPoints="3" visitedBranchPoints="3" sequenceCoverage="100" branchCoverage="100" maxCyclomaticComplexity="2" minCyclomaticComplexity="1" visitedClasses="1" numClasses="1" visitedMethods="1" numMethods="1" />
          <FullName>Deck.Tests.DeckTest</FullName>
          <Methods>
            <Method visited="true" cyclomaticComplexity="2" nPathComplexity="2" sequenceCoverage="100" branchCoverage="100" isConstructor="false" isStatic="false" isGetter="false" isSetter="false">
              <Summary numSequencePoints="10" visitedSequencePoints="10" numBranchPoints="3" visitedBranchPoints="3" sequenceCoverage="100" branchCoverage="100" maxCyclomaticComplexity="2" minCyclomaticComplexity="2" visitedClasses="0" numClasses="0" visitedMethods="1" numMethods="1" />
              <MetadataToken>100663297</MetadataToken>
              <Name>System.Void Deck.Tests.DeckTest::DrawNextCardOnEmptyDeck_ShouldThrowException()</Name>
              <FileRef uid="1" />
              <SequencePoints>
                <SequencePoint vc="1" uspid="1" ordinal="0" offset="6" sl="15" sc="9" el="15" ec="10" bec="0" bev="0" fileid="1" />
                <SequencePoint vc="1" uspid="2" ordinal="1" offset="7" sl="16" sc="13" el="16" ec="35" bec="0" bev="0" fileid="1" />
                <SequencePoint vc="1" uspid="3" ordinal="2" offset="18" sl="18" sc="18" el="18" ec="30" bec="0" bev="0" fileid="1" />
                <SequencePoint vc="24" uspid="4" ordinal="3" offset="22" sl="19" sc="13" el="19" ec="14" bec="0" bev="0" fileid="1" />
                <SequencePoint vc="24" uspid="5" ordinal="4" offset="23" sl="20" sc="17" el="20" ec="36" bec="0" bev="0" fileid="1" />
                <SequencePoint vc="24" uspid="6" ordinal="5" offset="35" sl="21" sc="13" el="21" ec="14" bec="0" bev="0" fileid="1" />
                <SequencePoint vc="24" uspid="7" ordinal="6" offset="36" sl="18" sc="49" el="18" ec="55" bec="0" bev="0" fileid="1" />
                <SequencePoint vc="25" uspid="8" ordinal="7" offset="40" sl="18" sc="32" el="18" ec="47" bec="2" bev="2" fileid="1" />
                <SequencePoint vc="1" uspid="9" ordinal="8" offset="49" sl="23" sc="13" el="23" ec="76" bec="0" bev="0" fileid="1" />
                <SequencePoint vc="1" uspid="10" ordinal="9" offset="67" sl="24" sc="9" el="24" ec="10" bec="0" bev="0" fileid="1" />
              </SequencePoints>
              <BranchPoints>
                <BranchPoint vc="1" uspid="11" ordinal="0" offset="47" sl="18" path="0" offsetend="49" fileid="1" />
                <BranchPoint vc="24" uspid="12" ordinal="1" offset="47" sl="18" path="1" offsetend="22" fileid="1" />
              </BranchPoints>
              <MethodPoint vc="1" uspid="13" ordinal="0" offset="0" />
            </Method>
            <Method visited="true" cyclomaticComplexity="1" nPathComplexity="0" sequenceCoverage="0" branchCoverage="0" isConstructor="true" isStatic="false" isGetter="false" isSetter="false">
              <Summary numSequencePoints="0" visitedSequencePoints="0" numBranchPoints="0" visitedBranchPoints="0" sequenceCoverage="0" branchCoverage="0" maxCyclomaticComplexity="1" minCyclomaticComplexity="1" visitedClasses="0" numClasses="0" visitedMethods="0" numMethods="0" />
              <MetadataToken>100663298</MetadataToken>
              <Name>System.Void Deck.Tests.DeckTest::.ctor()</Name>
              <SequencePoints />
              <BranchPoints />
              <MethodPoint vc="1" uspid="14" ordinal="0" offset="0" />
            </Method>
          </Methods>
        </Class>
        <Class>
          <Summary numSequencePoints="1" visitedSequencePoints="1" numBranchPoints="1" visitedBranchPoints="1" sequenceCoverage="100" branchCoverage="100" maxCyclomaticComplexity="1" minCyclomaticComplexity="1" visitedClasses="1" numClasses="1" visitedMethods="1" numMethods="1" />
          <FullName>Deck.Tests.DeckTest/&lt;&gt;c__DisplayClass1_0</FullName>
          <Methods>
            <Method visited="true" cyclomaticComplexity="1" nPathComplexity="0" sequenceCoverage="0" branchCoverage="0" isConstructor="true" isStatic="false" isGetter="false" isSetter="false">
              <Summary numSequencePoints="0" visitedSequencePoints="0" numBranchPoints="0" visitedBranchPoints="0" sequenceCoverage="0" branchCoverage="0" maxCyclomaticComplexity="1" minCyclomaticComplexity="1" visitedClasses="0" numClasses="0" visitedMethods="0" numMethods="0" />
              <MetadataToken>100663299</MetadataToken>
              <Name>System.Void Deck.Tests.DeckTest/&lt;&gt;c__DisplayClass1_0::.ctor()</Name>
              <SequencePoints />
              <BranchPoints />
              <MethodPoint vc="1" uspid="15" ordinal="0" offset="0" />
            </Method>
            <Method visited="true" cyclomaticComplexity="1" nPathComplexity="0" sequenceCoverage="100" branchCoverage="100" isConstructor="false" isStatic="false" isGetter="false" isSetter="false">
              <Summary numSequencePoints="1" visitedSequencePoints="1" numBranchPoints="1" visitedBranchPoints="1" sequenceCoverage="100" branchCoverage="100" maxCyclomaticComplexity="1" minCyclomaticComplexity="1" visitedClasses="0" numClasses="0" visitedMethods="1" numMethods="1" />
              <MetadataToken>100663300</MetadataToken>
              <Name>System.Void Deck.Tests.DeckTest/&lt;&gt;c__DisplayClass1_0::&lt;DrawNextCardOnEmptyDeck_ShouldThrowException&gt;b__0()</Name>
              <FileRef uid="1" />
              <SequencePoints>
                <SequencePoint vc="1" uspid="16" ordinal="0" offset="0" sl="23" sc="56" el="23" ec="74" bec="0" bev="0" fileid="1" />
              </SequencePoints>
              <BranchPoints />
              <MethodPoint xsi:type="SequencePoint" vc="1" uspid="16" ordinal="0" offset="0" sl="23" sc="56" el="23" ec="74" bec="0" bev="0" fileid="1" />
            </Method>
          </Methods>
        </Class>
      </Classes>
    </Module>
    <Module hash="EF-85-F5-EF-8E-81-F7-22-6B-CC-65-DE-E7-B0-77-23-3C-FC-0C-DC">
      <Summary numSequencePoints="697" visitedSequencePoints="62" numBranchPoints="246" visitedBranchPoints="14" sequenceCoverage="8.90" branchCoverage="5.69" maxCyclomaticComplexity="22" minCyclomaticComplexity="1" visitedClasses="5" numClasses="22" visitedMethods="8" numMethods="93" />
      <ModulePath>D:\Git\Academy\HighQualityCode\UnitTesting\Deck.Tests\bin\Debug\Santase.Logic.dll</ModulePath>
      <ModuleTime>2016-07-28T13:58:22.0973623Z</ModuleTime>
      <ModuleName>Santase.Logic</ModuleName>
      <Files>
        <File uid="5" fullPath="D:\Git\TelerikAcademy\Homeworks\HQC\Unit-Testing\Santase\Santase.Logic\CardWinner.cs" />
        <File uid="6" fullPath="D:\Git\TelerikAcademy\Homeworks\HQC\Unit-Testing\Santase\Santase.Logic\GameHand.cs" />
        <File uid="7" fullPath="D:\Git\TelerikAcademy\Homeworks\HQC\Unit-Testing\Santase\Santase.Logic\GameRound.cs" />
        <File uid="8" fullPath="D:\Git\TelerikAcademy\Homeworks\HQC\Unit-Testing\Santase\Santase.Logic\InternalGameException.cs" />
        <File uid="9" fullPath="D:\Git\TelerikAcademy\Homeworks\HQC\Unit-Testing\Santase\Santase.Logic\PlayerActionValidater.cs" />
        <File uid="12" fullPath="D:\Git\TelerikAcademy\Homeworks\HQC\Unit-Testing\Santase\Santase.Logic\SantaseGame.cs" />
        <File uid="13" fullPath="D:\Git\TelerikAcademy\Homeworks\HQC\Unit-Testing\Santase\Santase.Logic\RoundStates\BaseRoundState.cs" />
        <File uid="14" fullPath="D:\Git\TelerikAcademy\Homeworks\HQC\Unit-Testing\Santase\Santase.Logic\RoundStates\FinalRoundState.cs" />
        <File uid="15" fullPath="D:\Git\TelerikAcademy\Homeworks\HQC\Unit-Testing\Santase\Santase.Logic\RoundStates\MoreThanTwoCardsLeftRoundState.cs" />
        <File uid="16" fullPath="D:\Git\TelerikAcademy\Homeworks\HQC\Unit-Testing\Santase\Santase.Logic\RoundStates\StartRoundState.cs" />
        <File uid="17" fullPath="D:\Git\TelerikAcademy\Homeworks\HQC\Unit-Testing\Santase\Santase.Logic\RoundStates\TwoCardsLeftRoundState.cs" />
        <File uid="18" fullPath="D:\Git\TelerikAcademy\Homeworks\HQC\Unit-Testing\Santase\Santase.Logic\Players\BasePlayer.cs" />
        <File uid="19" fullPath="D:\Git\TelerikAcademy\Homeworks\HQC\Unit-Testing\Santase\Santase.Logic\Players\Player.cs" />
        <File uid="20" fullPath="D:\Git\TelerikAcademy\Homeworks\HQC\Unit-Testing\Santase\Santase.Logic\Players\PlayerAction.cs" />
        <File uid="21" fullPath="D:\Git\TelerikAcademy\Homeworks\HQC\Unit-Testing\Santase\Santase.Logic\Players\PlayerTurnContext.cs" />
        <File uid="22" fullPath="D:\Git\TelerikAcademy\Homeworks\HQC\Unit-Testing\Santase\Santase.Logic\Extensions\EnumerableExtensions.cs" />
        <File uid="23" fullPath="D:\Git\TelerikAcademy\Homeworks\HQC\Unit-Testing\Santase\Santase.Logic\Extensions\RandomProvider.cs" />
        <File uid="24" fullPath="D:\Git\TelerikAcademy\Homeworks\HQC\Unit-Testing\Santase\Santase.Logic\Cards\Card.cs" />
        <File uid="25" fullPath="D:\Git\TelerikAcademy\Homeworks\HQC\Unit-Testing\Santase\Santase.Logic\Cards\CardExtensions.cs" />
        <File uid="26" fullPath="D:\Git\TelerikAcademy\Homeworks\HQC\Unit-Testing\Santase\Santase.Logic\Cards\Deck.cs" />
      </Files>
      <Classes>
        <Class>
          <Summary numSequencePoints="0" visitedSequencePoints="0" numBranchPoints="0" visitedBranchPoints="0" sequenceCoverage="0" branchCoverage="0" maxCyclomaticComplexity="0" minCyclomaticComplexity="0" visitedClasses="0" numClasses="0" visitedMethods="0" numMethods="0" />
          <FullName>&lt;Module&gt;</FullName>
          <Methods />
        </Class>
        <Class>
          <Summary numSequencePoints="13" visitedSequencePoints="0" numBranchPoints="7" visitedBranchPoints="0" sequenceCoverage="0" branchCoverage="0" maxCyclomaticComplexity="4" minCyclomaticComplexity="1" visitedClasses="0" numClasses="1" visitedMethods="0" numMethods="1" />
          <FullName>Santase.Logic.CardWinner</FullName>
          <Methods>
            <Method visited="false" cyclomaticComplexity="4" nPathComplexity="8" sequenceCoverage="0" branchCoverage="0" isConstructor="false" isStatic="false" isGetter="false" isSetter="false">
              <Summary numSequencePoints="13" visitedSequencePoints="0" numBranchPoints="7" visitedBranchPoints="0" sequenceCoverage="0" branchCoverage="0" maxCyclomaticComplexity="4" minCyclomaticComplexity="4" visitedClasses="0" numClasses="0" visitedMethods="0" numMethods="1" />
              <MetadataToken>100663297</MetadataToken>
              <Name>Santase.Logic.PlayerPosition Santase.Logic.CardWinner::Winner(Santase.Logic.Cards.Card,Santase.Logic.Cards.Card,Santase.Logic.Cards.CardSuit)</Name>
              <FileRef uid="5" />
              <SequencePoints>
                <SequencePoint vc="0" uspid="17" ordinal="0" offset="0" sl="13" sc="9" el="13" ec="10" bec="0" bev="0" fileid="5" />
                <SequencePoint vc="0" uspid="18" ordinal="1" offset="1" sl="14" sc="13" el="14" ec="63" bec="2" bev="0" fileid="5" />
                <SequencePoint vc="0" uspid="19" ordinal="2" offset="19" sl="15" sc="13" el="15" ec="14" bec="0" bev="0" fileid="5" />
                <SequencePoint vc="0" uspid="20" ordinal="3" offset="20" sl="16" sc="17" el="16" ec="78" bec="2" bev="0" fileid="5" />
                <SequencePoint vc="0" uspid="21" ordinal="4" offset="38" sl="17" sc="17" el="17" ec="18" bec="0" bev="0" fileid="5" />
                <SequencePoint vc="0" uspid="22" ordinal="5" offset="39" sl="18" sc="21" el="18" ec="55" bec="0" bev="0" fileid="5" />
                <SequencePoint vc="0" uspid="23" ordinal="6" offset="43" sl="21" sc="17" el="21" ec="18" bec="0" bev="0" fileid="5" />
                <SequencePoint vc="0" uspid="24" ordinal="7" offset="44" sl="22" sc="21" el="22" ec="56" bec="0" bev="0" fileid="5" />
                <SequencePoint vc="0" uspid="25" ordinal="8" offset="48" sl="26" sc="13" el="26" ec="52" bec="2" bev="0" fileid="5" />
                <SequencePoint vc="0" uspid="26" ordinal="9" offset="61" sl="27" sc="13" el="27" ec="14" bec="0" bev="0" fileid="5" />
                <SequencePoint vc="0" uspid="27" ordinal="10" offset="62" sl="28" sc="17" el="28" ec="52" bec="0" bev="0" fileid="5" />
                <SequencePoint vc="0" uspid="28" ordinal="11" offset="66" sl="31" sc="13" el="31" ec="47" bec="0" bev="0" fileid="5" />
                <SequencePoint vc="0" uspid="29" ordinal="12" offset="70" sl="32" sc="9" el="32" ec="10" bec="0" bev="0" fileid="5" />
              </SequencePoints>
              <BranchPoints>
                <BranchPoint vc="0" uspid="30" ordinal="0" offset="17" sl="14" path="0" offsetend="19" fileid="5" />
                <BranchPoint vc="0" uspid="31" ordinal="1" offset="17" sl="14" path="1" offsetend="48" fileid="5" />
                <BranchPoint vc="0" uspid="32" ordinal="2" offset="36" sl="16" path="0" offsetend="38" fileid="5" />
                <BranchPoint vc="0" uspid="33" ordinal="3" offset="36" sl="16" path="1" offsetend="43" fileid="5" />
                <BranchPoint vc="0" uspid="34" ordinal="4" offset="59" sl="26" path="0" offsetend="61" fileid="5" />
                <BranchPoint vc="0" uspid="35" ordinal="5" offset="59" sl="26" path="1" offsetend="66" fileid="5" />
              </BranchPoints>
              <MethodPoint xsi:type="SequencePoint" vc="0" uspid="17" ordinal="0" offset="0" sl="13" sc="9" el="13" ec="10" bec="0" bev="0" fileid="5" />
            </Method>
            <Method visited="false" cyclomaticComplexity="1" nPathComplexity="0" sequenceCoverage="0" branchCoverage="0" isConstructor="true" isStatic="false" isGetter="false" isSetter="false">
              <Summary numSequencePoints="0" visitedSequencePoints="0" numBranchPoints="0" visitedBranchPoints="0" sequenceCoverage="0" branchCoverage="0" maxCyclomaticComplexity="1" minCyclomaticComplexity="1" visitedClasses="0" numClasses="0" visitedMethods="0" numMethods="0" />
              <MetadataToken>100663298</MetadataToken>
              <Name>System.Void Santase.Logic.CardWinner::.ctor()</Name>
              <SequencePoints />
              <BranchPoints />
              <MethodPoint vc="0" uspid="36" ordinal="0" offset="0" />
            </Method>
          </Methods>
        </Class>
        <Class>
          <Summary numSequencePoints="118" visitedSequencePoints="0" numBranchPoints="29" visitedBranchPoints="0" sequenceCoverage="0" branchCoverage="0" maxCyclomaticComplexity="7" minCyclomaticComplexity="1" visitedClasses="0" numClasses="1" visitedMethods="0" numMethods="9" />
          <FullName>Santase.Logic.GameHand</FullName>
          <Methods>
            <Method visited="false" cyclomaticComplexity="1" nPathComplexity="0" sequenceCoverage="0" branchCoverage="0" isConstructor="false" isStatic="false" isGetter="true" isSetter="false">
              <Summary numSequencePoints="3" visitedSequencePoints="0" numBranchPoints="1" visitedBranchPoints="0" sequenceCoverage="0" branchCoverage="0" maxCyclomaticComplexity="1" minCyclomaticComplexity="1" visitedClasses="0" numClasses="0" visitedMethods="0" numMethods="1" />
              <MetadataToken>100663302</MetadataToken>
              <Name>Santase.Logic.PlayerPosition Santase.Logic.GameHand::get_Winner()</Name>
              <FileRef uid="6" />
              <SequencePoints>
                <SequencePoint vc="0" uspid="37" ordinal="0" offset="0" sl="186" sc="17" el="186" ec="18" bec="0" bev="0" fileid="6" />
                <SequencePoint vc="0" uspid="38" ordinal="1" offset="1" sl="186" sc="19" el="186" ec="38" bec="0" bev="0" fileid="6" />
                <SequencePoint vc="0" uspid="39" ordinal="2" offset="10" sl="186" sc="39" el="186" ec="40" bec="0" bev="0" fileid="6" />
              </SequencePoints>
              <BranchPoints />
              <MethodPoint xsi:type="SequencePoint" vc="0" uspid="37" ordinal="0" offset="0" sl="186" sc="17" el="186" ec="18" bec="0" bev="0" fileid="6" />
            </Method>
            <Method visited="false" cyclomaticComplexity="1" nPathComplexity="0" sequenceCoverage="0" branchCoverage="0" isConstructor="false" isStatic="false" isGetter="true" isSetter="false">
              <Summary numSequencePoints="3" visitedSequencePoints="0" numBranchPoints="1" visitedBranchPoints="0" sequenceCoverage="0" branchCoverage="0" maxCyclomaticComplexity="1" minCyclomaticComplexity="1" visitedClasses="0" numClasses="0" visitedMethods="0" numMethods="1" />
              <MetadataToken>100663303</MetadataToken>
              <Name>Santase.Logic.Cards.Card Santase.Logic.GameHand::get_FirstPlayerCard()</Name>
              <FileRef uid="6" />
              <SequencePoints>
                <SequencePoint vc="0" uspid="40" ordinal="0" offset="0" sl="192" sc="17" el="192" ec="18" bec="0" bev="0" fileid="6" />
                <SequencePoint vc="0" uspid="41" ordinal="1" offset="1" sl="192" sc="19" el="192" ec="47" bec="0" bev="0" fileid="6" />
                <SequencePoint vc="0" uspid="42" ordinal="2" offset="10" sl="192" sc="48" el="192" ec="49" bec="0" bev="0" fileid="6" />
              </SequencePoints>
              <BranchPoints />
              <MethodPoint xsi:type="SequencePoint" vc="0" uspid="40" ordinal="0" offset="0" sl="192" sc="17" el="192" ec="18" bec="0" bev="0" fileid="6" />
            </Method>
            <Method visited="false" cyclomaticComplexity="1" nPathComplexity="0" sequenceCoverage="0" branchCoverage="0" isConstructor="false" isStatic="false" isGetter="true" isSetter="false">
              <Summary numSequencePoints="3" visitedSequencePoints="0" numBranchPoints="1" visitedBranchPoints="0" sequenceCoverage="0" branchCoverage="0" maxCyclomaticComplexity="1" minCyclomaticComplexity="1" visitedClasses="0" numClasses="0" visitedMethods="0" numMethods="1" />
              <MetadataToken>100663304</MetadataToken>
              <Name>Santase.Logic.Announce Santase.Logic.GameHand::get_FirstPlayerAnnounce()</Name>
              <FileRef uid="6" />
              <SequencePoints>
                <SequencePoint vc="0" uspid="43" ordinal="0" offset="0" sl="197" sc="17" el="197" ec="18" bec="0" bev="0" fileid="6" />
                <SequencePoint vc="0" uspid="44" ordinal="1" offset="1" sl="197" sc="19" el="197" ec="51" bec="0" bev="0" fileid="6" />
                <SequencePoint vc="0" uspid="45" ordinal="2" offset="10" sl="197" sc="52" el="197" ec="53" bec="0" bev="0" fileid="6" />
              </SequencePoints>
              <BranchPoints />
              <MethodPoint xsi:type="SequencePoint" vc="0" uspid="43" ordinal="0" offset="0" sl="197" sc="17" el="197" ec="18" bec="0" bev="0" fileid="6" />
            </Method>
            <Method visited="false" cyclomaticComplexity="1" nPathComplexity="0" sequenceCoverage="0" branchCoverage="0" isConstructor="false" isStatic="false" isGetter="true" isSetter="false">
              <Summary numSequencePoints="3" visitedSequencePoints="0" numBranchPoints="1" visitedBranchPoints="0" sequenceCoverage="0" branchCoverage="0" maxCyclomaticComplexity="1" minCyclomaticComplexity="1" visitedClasses="0" numClasses="0" visitedMethods="0" numMethods="1" />
              <MetadataToken>100663305</MetadataToken>
              <Name>Santase.Logic.Cards.Card Santase.Logic.GameHand::get_SecondPlayerCard()</Name>
              <FileRef uid="6" />
              <SequencePoints>
                <SequencePoint vc="0" uspid="46" ordinal="0" offset="0" sl="202" sc="17" el="202" ec="18" bec="0" bev="0" fileid="6" />
                <SequencePoint vc="0" uspid="47" ordinal="1" offset="1" sl="202" sc="19" el="202" ec="48" bec="0" bev="0" fileid="6" />
                <SequencePoint vc="0" uspid="48" ordinal="2" offset="10" sl="202" sc="49" el="202" ec="50" bec="0" bev="0" fileid="6" />
              </SequencePoints>
              <BranchPoints />
              <MethodPoint xsi:type="SequencePoint" vc="0" uspid="46" ordinal="0" offset="0" sl="202" sc="17" el="202" ec="18" bec="0" bev="0" fileid="6" />
            </Method>
            <Method visited="false" cyclomaticComplexity="1" nPathComplexity="0" sequenceCoverage="0" branchCoverage="0" isConstructor="false" isStatic="false" isGetter="true" isSetter="false">
              <Summary numSequencePoints="3" visitedSequencePoints="0" numBranchPoints="1" visitedBranchPoints="0" sequenceCoverage="0" branchCoverage="0" maxCyclomaticComplexity="1" minCyclomaticComplexity="1" visitedClasses="0" numClasses="0" visitedMethods="0" numMethods="1" />
              <MetadataToken>100663306</MetadataToken>
              <Name>Santase.Logic.Announce Santase.Logic.GameHand::get_SecondPlayerAnnounce()</Name>
              <FileRef uid="6" />
              <SequencePoints>
                <SequencePoint vc="0" uspid="49" ordinal="0" offset="0" sl="207" sc="17" el="207" ec="18" bec="0" bev="0" fileid="6" />
                <SequencePoint vc="0" uspid="50" ordinal="1" offset="1" sl="207" sc="19" el="207" ec="52" bec="0" bev="0" fileid="6" />
                <SequencePoint vc="0" uspid="51" ordinal="2" offset="10" sl="207" sc="53" el="207" ec="54" bec="0" bev="0" fileid="6" />
              </SequencePoints>
              <BranchPoints />
              <MethodPoint xsi:type="SequencePoint" vc="0" uspid="49" ordinal="0" offset="0" sl="207" sc="17" el="207" ec="18" bec="0" bev="0" fileid="6" />
            </Method>
            <Method visited="false" cyclomaticComplexity="1" nPathComplexity="0" sequenceCoverage="0" branchCoverage="0" isConstructor="false" isStatic="false" isGetter="true" isSetter="false">
              <Summary numSequencePoints="3" visitedSequencePoints="0" numBranchPoints="1" visitedBranchPoints="0" sequenceCoverage="0" branchCoverage="0" maxCyclomaticComplexity="1" minCyclomaticComplexity="1" visitedClasses="0" numClasses="0" visitedMethods="0" numMethods="1" />
              <MetadataToken>100663307</MetadataToken>
              <Name>Santase.Logic.PlayerPosition Santase.Logic.GameHand::get_GameClosedBy()</Name>
              <FileRef uid="6" />
              <SequencePoints>
                <SequencePoint vc="0" uspid="52" ordinal="0" offset="0" sl="212" sc="17" el="212" ec="18" bec="0" bev="0" fileid="6" />
                <SequencePoint vc="0" uspid="53" ordinal="1" offset="1" sl="212" sc="19" el="212" ec="48" bec="0" bev="0" fileid="6" />
                <SequencePoint vc="0" uspid="54" ordinal="2" offset="10" sl="212" sc="49" el="212" ec="50" bec="0" bev="0" fileid="6" />
              </SequencePoints>
              <BranchPoints />
              <MethodPoint xsi:type="SequencePoint" vc="0" uspid="52" ordinal="0" offset="0" sl="212" sc="17" el="212" ec="18" bec="0" bev="0" fileid="6" />
            </Method>
            <Method visited="false" cyclomaticComplexity="1" nPathComplexity="0" sequenceCoverage="0" branchCoverage="0" isConstructor="true" isStatic="false" isGetter="false" isSetter="false">
              <Summary numSequencePoints="12" visitedSequencePoints="0" numBranchPoints="1" visitedBranchPoints="0" sequenceCoverage="0" branchCoverage="0" maxCyclomaticComplexity="1" minCyclomaticComplexity="1" visitedClasses="0" numClasses="0" visitedMethods="0" numMethods="1" />
              <MetadataToken>100663299</MetadataToken>
              <Name>System.Void Santase.Logic.GameHand::.ctor(Santase.Logic.PlayerPosition,Santase.Logic.Players.IPlayer,System.Collections.Generic.IList`1&lt;Santase.Logic.Cards.Card&gt;,Santase.Logic.Players.IPlayer,System.Collections.Generic.IList`1&lt;Santase.Logic.Cards.Card&gt;,Santase.Logic.RoundStates.BaseRoundState,Santase.Logic.Cards.IDeck)</Name>
              <FileRef uid="6" />
              <SequencePoints>
                <SequencePoint vc="0" uspid="55" ordinal="0" offset="0" sl="32" sc="9" el="39" ec="24" bec="0" bev="0" fileid="6" />
                <SequencePoint vc="0" uspid="56" ordinal="1" offset="7" sl="40" sc="9" el="40" ec="10" bec="0" bev="0" fileid="6" />
                <SequencePoint vc="0" uspid="57" ordinal="2" offset="8" sl="41" sc="13" el="41" ec="54" bec="0" bev="0" fileid="6" />
                <SequencePoint vc="0" uspid="58" ordinal="3" offset="15" sl="42" sc="13" el="42" ec="44" bec="0" bev="0" fileid="6" />
                <SequencePoint vc="0" uspid="59" ordinal="4" offset="22" sl="43" sc="13" el="43" ec="54" bec="0" bev="0" fileid="6" />
                <SequencePoint vc="0" uspid="60" ordinal="5" offset="29" sl="44" sc="13" el="44" ec="46" bec="0" bev="0" fileid="6" />
                <SequencePoint vc="0" uspid="61" ordinal="6" offset="37" sl="45" sc="13" el="45" ec="56" bec="0" bev="0" fileid="6" />
                <SequencePoint vc="0" uspid="62" ordinal="7" offset="45" sl="46" sc="13" el="46" ec="32" bec="0" bev="0" fileid="6" />
                <SequencePoint vc="0" uspid="63" ordinal="8" offset="53" sl="47" sc="13" el="47" ec="30" bec="0" bev="0" fileid="6" />
                <SequencePoint vc="0" uspid="64" ordinal="9" offset="61" sl="48" sc="13" el="48" ec="64" bec="0" bev="0" fileid="6" />
                <SequencePoint vc="0" uspid="65" ordinal="10" offset="72" sl="49" sc="13" el="49" ec="58" bec="0" bev="0" fileid="6" />
                <SequencePoint vc="0" uspid="66" ordinal="11" offset="79" sl="50" sc="9" el="50" ec="10" bec="0" bev="0" fileid="6" />
              </SequencePoints>
              <BranchPoints />
              <MethodPoint xsi:type="SequencePoint" vc="0" uspid="55" ordinal="0" offset="0" sl="32" sc="9" el="39" ec="24" bec="0" bev="0" fileid="6" />
            </Method>
            <Method visited="false" cyclomaticComplexity="7" nPathComplexity="64" sequenceCoverage="0" branchCoverage="0" isConstructor="false" isStatic="false" isGetter="false" isSetter="false">
              <Summary numSequencePoints="53" visitedSequencePoints="0" numBranchPoints="13" visitedBranchPoints="0" sequenceCoverage="0" branchCoverage="0" maxCyclomaticComplexity="7" minCyclomaticComplexity="7" visitedClasses="0" numClasses="0" visitedMethods="0" numMethods="1" />
              <MetadataToken>100663300</MetadataToken>
              <Name>System.Void Santase.Logic.GameHand::Start()</Name>
              <FileRef uid="6" />
              <SequencePoints>
                <SequencePoint vc="0" uspid="67" ordinal="0" offset="0" sl="53" sc="9" el="53" ec="10" bec="0" bev="0" fileid="6" />
                <SequencePoint vc="0" uspid="68" ordinal="1" offset="1" sl="58" sc="13" el="58" ec="69" bec="2" bev="0" fileid="6" />
                <SequencePoint vc="0" uspid="69" ordinal="2" offset="16" sl="59" sc="13" el="59" ec="14" bec="0" bev="0" fileid="6" />
                <SequencePoint vc="0" uspid="70" ordinal="3" offset="17" sl="60" sc="17" el="60" ec="48" bec="0" bev="0" fileid="6" />
                <SequencePoint vc="0" uspid="71" ordinal="4" offset="24" sl="61" sc="17" el="61" ec="58" bec="0" bev="0" fileid="6" />
                <SequencePoint vc="0" uspid="72" ordinal="5" offset="31" sl="62" sc="17" el="62" ec="50" bec="0" bev="0" fileid="6" />
                <SequencePoint vc="0" uspid="73" ordinal="6" offset="38" sl="63" sc="17" el="63" ec="60" bec="0" bev="0" fileid="6" />
                <SequencePoint vc="0" uspid="74" ordinal="7" offset="45" sl="64" sc="13" el="64" ec="14" bec="0" bev="0" fileid="6" />
                <SequencePoint vc="0" uspid="75" ordinal="8" offset="48" sl="66" sc="13" el="66" ec="14" bec="0" bev="0" fileid="6" />
                <SequencePoint vc="0" uspid="76" ordinal="9" offset="49" sl="67" sc="17" el="67" ec="49" bec="0" bev="0" fileid="6" />
                <SequencePoint vc="0" uspid="77" ordinal="10" offset="56" sl="68" sc="17" el="68" ec="59" bec="0" bev="0" fileid="6" />
                <SequencePoint vc="0" uspid="78" ordinal="11" offset="63" sl="69" sc="17" el="69" ec="49" bec="0" bev="0" fileid="6" />
                <SequencePoint vc="0" uspid="79" ordinal="12" offset="70" sl="70" sc="17" el="70" ec="59" bec="0" bev="0" fileid="6" />
                <SequencePoint vc="0" uspid="80" ordinal="13" offset="77" sl="71" sc="13" el="71" ec="14" bec="0" bev="0" fileid="6" />
                <SequencePoint vc="0" uspid="81" ordinal="14" offset="78" sl="73" sc="13" el="73" ec="96" bec="0" bev="0" fileid="6" />
                <SequencePoint vc="0" uspid="82" ordinal="15" offset="113" sl="75" sc="13" el="75" ec="51" bec="0" bev="0" fileid="6" />
                <SequencePoint vc="0" uspid="83" ordinal="16" offset="116" sl="77" sc="13" el="77" ec="14" bec="0" bev="0" fileid="6" />
                <SequencePoint vc="0" uspid="84" ordinal="17" offset="117" sl="78" sc="17" el="79" ec="64" bec="0" bev="0" fileid="6" />
                <SequencePoint vc="0" uspid="85" ordinal="18" offset="128" sl="81" sc="17" el="81" ec="97" bec="2" bev="0" fileid="6" />
                <SequencePoint vc="0" uspid="86" ordinal="19" offset="153" sl="82" sc="17" el="82" ec="18" bec="0" bev="0" fileid="6" />
                <SequencePoint vc="0" uspid="87" ordinal="20" offset="154" sl="84" sc="21" el="84" ec="70" bec="0" bev="0" fileid="6" />
                <SequencePoint vc="0" uspid="88" ordinal="21" offset="165" sl="86" sc="13" el="86" ec="14" bec="0" bev="0" fileid="6" />
                <SequencePoint vc="0" uspid="89" ordinal="22" offset="166" sl="87" sc="13" el="88" ec="44" bec="2" bev="0" fileid="6" />
                <SequencePoint vc="0" uspid="90" ordinal="23" offset="182" sl="90" sc="13" el="90" ec="62" bec="0" bev="0" fileid="6" />
                <SequencePoint vc="0" uspid="91" ordinal="24" offset="197" sl="92" sc="13" el="94" ec="39" bec="0" bev="0" fileid="6" />
                <SequencePoint vc="0" uspid="92" ordinal="25" offset="213" sl="96" sc="13" el="96" ec="95" bec="2" bev="0" fileid="6" />
                <SequencePoint vc="0" uspid="93" ordinal="26" offset="238" sl="97" sc="13" el="97" ec="14" bec="0" bev="0" fileid="6" />
                <SequencePoint vc="0" uspid="94" ordinal="27" offset="239" sl="99" sc="17" el="99" ec="66" bec="0" bev="0" fileid="6" />
                <SequencePoint vc="0" uspid="95" ordinal="28" offset="250" sl="102" sc="13" el="102" ec="64" bec="0" bev="0" fileid="6" />
                <SequencePoint vc="0" uspid="96" ordinal="29" offset="265" sl="104" sc="13" el="104" ec="49" bec="2" bev="0" fileid="6" />
                <SequencePoint vc="0" uspid="97" ordinal="30" offset="280" sl="105" sc="13" el="105" ec="14" bec="0" bev="0" fileid="6" />
                <SequencePoint vc="0" uspid="98" ordinal="31" offset="281" sl="106" sc="17" el="106" ec="63" bec="0" bev="0" fileid="6" />
                <SequencePoint vc="0" uspid="99" ordinal="32" offset="294" sl="107" sc="17" el="107" ec="71" bec="0" bev="0" fileid="6" />
                <SequencePoint vc="0" uspid="100" ordinal="33" offset="307" sl="108" sc="17" el="108" ec="65" bec="0" bev="0" fileid="6" />
                <SequencePoint vc="0" uspid="101" ordinal="34" offset="320" sl="109" sc="17" el="109" ec="73" bec="0" bev="0" fileid="6" />
                <SequencePoint vc="0" uspid="102" ordinal="35" offset="333" sl="110" sc="13" el="110" ec="14" bec="0" bev="0" fileid="6" />
                <SequencePoint vc="0" uspid="103" ordinal="36" offset="336" sl="112" sc="13" el="112" ec="14" bec="0" bev="0" fileid="6" />
                <SequencePoint vc="0" uspid="104" ordinal="37" offset="337" sl="113" sc="17" el="113" ec="64" bec="0" bev="0" fileid="6" />
                <SequencePoint vc="0" uspid="105" ordinal="38" offset="350" sl="114" sc="17" el="114" ec="72" bec="0" bev="0" fileid="6" />
                <SequencePoint vc="0" uspid="106" ordinal="39" offset="363" sl="115" sc="17" el="115" ec="64" bec="0" bev="0" fileid="6" />
                <SequencePoint vc="0" uspid="107" ordinal="40" offset="376" sl="116" sc="17" el="116" ec="72" bec="0" bev="0" fileid="6" />
                <SequencePoint vc="0" uspid="108" ordinal="41" offset="389" sl="117" sc="13" el="117" ec="14" bec="0" bev="0" fileid="6" />
                <SequencePoint vc="0" uspid="109" ordinal="42" offset="390" sl="119" sc="13" el="119" ec="42" bec="0" bev="0" fileid="6" />
                <SequencePoint vc="0" uspid="110" ordinal="43" offset="399" sl="120" sc="13" el="120" ec="43" bec="0" bev="0" fileid="6" />
                <SequencePoint vc="0" uspid="111" ordinal="44" offset="408" sl="122" sc="13" el="122" ec="55" bec="0" bev="0" fileid="6" />
                <SequencePoint vc="0" uspid="112" ordinal="45" offset="415" sl="123" sc="13" el="123" ec="49" bec="2" bev="0" fileid="6" />
                <SequencePoint vc="0" uspid="113" ordinal="46" offset="430" sl="124" sc="13" el="124" ec="14" bec="0" bev="0" fileid="6" />
                <SequencePoint vc="0" uspid="114" ordinal="47" offset="431" sl="125" sc="17" el="128" ec="50" bec="0" bev="0" fileid="6" />
                <SequencePoint vc="0" uspid="115" ordinal="48" offset="474" sl="129" sc="13" el="129" ec="14" bec="0" bev="0" fileid="6" />
                <SequencePoint vc="0" uspid="116" ordinal="49" offset="477" sl="131" sc="13" el="131" ec="14" bec="0" bev="0" fileid="6" />
                <SequencePoint vc="0" uspid="117" ordinal="50" offset="478" sl="132" sc="17" el="135" ec="50" bec="0" bev="0" fileid="6" />
                <SequencePoint vc="0" uspid="118" ordinal="51" offset="521" sl="136" sc="13" el="136" ec="14" bec="0" bev="0" fileid="6" />
                <SequencePoint vc="0" uspid="119" ordinal="52" offset="522" sl="137" sc="9" el="137" ec="10" bec="0" bev="0" fileid="6" />
              </SequencePoints>
              <BranchPoints>
                <BranchPoint vc="0" uspid="120" ordinal="0" offset="14" sl="58" path="0" offsetend="16" fileid="6" />
                <BranchPoint vc="0" uspid="121" ordinal="1" offset="14" sl="58" path="1" offsetend="48" fileid="6" />
                <BranchPoint vc="0" uspid="122" ordinal="2" offset="151" sl="81" path="0" offsetend="153" fileid="6" />
                <BranchPoint vc="0" uspid="123" ordinal="3" offset="151" sl="81" path="1" offsetend="165" fileid="6" />
                <BranchPoint vc="0" uspid="124" ordinal="4" offset="180" sl="87" path="0" offsetend="182" fileid="6" />
                <BranchPoint vc="0" uspid="125" ordinal="5" offset="180" sl="87" path="1" offsetend="116" fileid="6" />
                <BranchPoint vc="0" uspid="126" ordinal="6" offset="236" sl="96" path="0" offsetend="238" fileid="6" />
                <BranchPoint vc="0" uspid="127" ordinal="7" offset="236" sl="96" path="1" offsetend="250" fileid="6" />
                <BranchPoint vc="0" uspid="128" ordinal="8" offset="278" sl="104" path="0" offsetend="280" fileid="6" />
                <BranchPoint vc="0" uspid="129" ordinal="9" offset="278" sl="104" path="1" offsetend="336" fileid="6" />
                <BranchPoint vc="0" uspid="130" ordinal="10" offset="428" sl="123" path="0" offsetend="430" fileid="6" />
                <BranchPoint vc="0" uspid="131" ordinal="11" offset="428" sl="123" path="1" offsetend="477" fileid="6" />
              </BranchPoints>
              <MethodPoint xsi:type="SequencePoint" vc="0" uspid="67" ordinal="0" offset="0" sl="53" sc="9" el="53" ec="10" bec="0" bev="0" fileid="6" />
            </Method>
            <Method visited="false" cyclomaticComplexity="5" nPathComplexity="16" sequenceCoverage="0" branchCoverage="0" isConstructor="false" isStatic="false" isGetter="false" isSetter="false">
              <Summary numSequencePoints="35" visitedSequencePoints="0" numBranchPoints="9" visitedBranchPoints="0" sequenceCoverage="0" branchCoverage="0" maxCyclomaticComplexity="5" minCyclomaticComplexity="5" visitedClasses="0" numClasses="0" visitedMethods="0" numMethods="1" />
              <MetadataToken>100663301</MetadataToken>
              <Name>Santase.Logic.Players.PlayerAction Santase.Logic.GameHand::FirstPlayerTurn(Santase.Logic.Players.IPlayer,Santase.Logic.Players.PlayerTurnContext)</Name>
              <FileRef uid="6" />
              <SequencePoints>
                <SequencePoint vc="0" uspid="132" ordinal="0" offset="0" sl="141" sc="9" el="141" ec="10" bec="0" bev="0" fileid="6" />
                <SequencePoint vc="0" uspid="133" ordinal="1" offset="1" sl="142" sc="13" el="143" ec="48" bec="0" bev="0" fileid="6" />
                <SequencePoint vc="0" uspid="134" ordinal="2" offset="15" sl="145" sc="13" el="145" ec="68" bec="2" bev="0" fileid="6" />
                <SequencePoint vc="0" uspid="135" ordinal="3" offset="28" sl="146" sc="13" el="146" ec="14" bec="0" bev="0" fileid="6" />
                <SequencePoint vc="0" uspid="136" ordinal="4" offset="29" sl="147" sc="17" el="147" ec="36" bec="0" bev="0" fileid="6" />
                <SequencePoint vc="0" uspid="137" ordinal="5" offset="41" sl="148" sc="17" el="148" ec="55" bec="0" bev="0" fileid="6" />
                <SequencePoint vc="0" uspid="138" ordinal="6" offset="53" sl="149" sc="17" el="149" ec="52" bec="0" bev="0" fileid="6" />
                <SequencePoint vc="0" uspid="139" ordinal="7" offset="64" sl="150" sc="17" el="150" ec="53" bec="2" bev="0" fileid="6" />
                <SequencePoint vc="0" uspid="140" ordinal="8" offset="77" sl="151" sc="17" el="151" ec="18" bec="0" bev="0" fileid="6" />
                <SequencePoint vc="0" uspid="141" ordinal="9" offset="78" sl="152" sc="21" el="152" ec="72" bec="0" bev="0" fileid="6" />
                <SequencePoint vc="0" uspid="142" ordinal="10" offset="85" sl="153" sc="17" el="153" ec="18" bec="0" bev="0" fileid="6" />
                <SequencePoint vc="0" uspid="143" ordinal="11" offset="88" sl="155" sc="17" el="155" ec="18" bec="0" bev="0" fileid="6" />
                <SequencePoint vc="0" uspid="144" ordinal="12" offset="89" sl="156" sc="21" el="156" ec="73" bec="0" bev="0" fileid="6" />
                <SequencePoint vc="0" uspid="145" ordinal="13" offset="96" sl="157" sc="17" el="157" ec="18" bec="0" bev="0" fileid="6" />
                <SequencePoint vc="0" uspid="146" ordinal="14" offset="97" sl="158" sc="13" el="158" ec="14" bec="0" bev="0" fileid="6" />
                <SequencePoint vc="0" uspid="147" ordinal="15" offset="98" sl="160" sc="13" el="160" ec="70" bec="2" bev="0" fileid="6" />
                <SequencePoint vc="0" uspid="148" ordinal="16" offset="114" sl="161" sc="13" el="161" ec="14" bec="0" bev="0" fileid="6" />
                <SequencePoint vc="0" uspid="149" ordinal="17" offset="115" sl="162" sc="17" el="162" ec="88" bec="0" bev="0" fileid="6" />
                <SequencePoint vc="0" uspid="150" ordinal="18" offset="139" sl="163" sc="17" el="163" ec="55" bec="0" bev="0" fileid="6" />
                <SequencePoint vc="0" uspid="151" ordinal="19" offset="152" sl="164" sc="17" el="164" ec="46" bec="0" bev="0" fileid="6" />
                <SequencePoint vc="0" uspid="152" ordinal="20" offset="161" sl="165" sc="17" el="165" ec="56" bec="0" bev="0" fileid="6" />
                <SequencePoint vc="0" uspid="153" ordinal="21" offset="175" sl="167" sc="17" el="167" ec="53" bec="2" bev="0" fileid="6" />
                <SequencePoint vc="0" uspid="154" ordinal="22" offset="190" sl="168" sc="17" el="168" ec="18" bec="0" bev="0" fileid="6" />
                <SequencePoint vc="0" uspid="155" ordinal="23" offset="191" sl="169" sc="21" el="169" ec="63" bec="0" bev="0" fileid="6" />
                <SequencePoint vc="0" uspid="156" ordinal="24" offset="205" sl="170" sc="21" el="170" ec="57" bec="0" bev="0" fileid="6" />
                <SequencePoint vc="0" uspid="157" ordinal="25" offset="219" sl="171" sc="21" el="171" ec="56" bec="0" bev="0" fileid="6" />
                <SequencePoint vc="0" uspid="158" ordinal="26" offset="233" sl="172" sc="17" el="172" ec="18" bec="0" bev="0" fileid="6" />
                <SequencePoint vc="0" uspid="159" ordinal="27" offset="236" sl="174" sc="17" el="174" ec="18" bec="0" bev="0" fileid="6" />
                <SequencePoint vc="0" uspid="160" ordinal="28" offset="237" sl="175" sc="21" el="175" ec="64" bec="0" bev="0" fileid="6" />
                <SequencePoint vc="0" uspid="161" ordinal="29" offset="251" sl="176" sc="21" el="176" ec="58" bec="0" bev="0" fileid="6" />
                <SequencePoint vc="0" uspid="162" ordinal="30" offset="265" sl="177" sc="21" el="177" ec="57" bec="0" bev="0" fileid="6" />
                <SequencePoint vc="0" uspid="163" ordinal="31" offset="279" sl="178" sc="17" el="178" ec="18" bec="0" bev="0" fileid="6" />
                <SequencePoint vc="0" uspid="164" ordinal="32" offset="280" sl="179" sc="13" el="179" ec="14" bec="0" bev="0" fileid="6" />
                <SequencePoint vc="0" uspid="165" ordinal="33" offset="281" sl="181" sc="13" el="181" ec="36" bec="0" bev="0" fileid="6" />
                <SequencePoint vc="0" uspid="166" ordinal="34" offset="286" sl="182" sc="9" el="182" ec="10" bec="0" bev="0" fileid="6" />
              </SequencePoints>
              <BranchPoints>
                <BranchPoint vc="0" uspid="167" ordinal="0" offset="26" sl="145" path="0" offsetend="28" fileid="6" />
                <BranchPoint vc="0" uspid="168" ordinal="1" offset="26" sl="145" path="1" offsetend="98" fileid="6" />
                <BranchPoint vc="0" uspid="169" ordinal="2" offset="75" sl="150" path="0" offsetend="77" fileid="6" />
                <BranchPoint vc="0" uspid="170" ordinal="3" offset="75" sl="150" path="1" offsetend="88" fileid="6" />
                <BranchPoint vc="0" uspid="171" ordinal="4" offset="109" sl="160" path="0" offsetend="114" fileid="6" />
                <BranchPoint vc="0" uspid="172" ordinal="5" offset="109" sl="160" path="1" offsetend="281" fileid="6" />
                <BranchPoint vc="0" uspid="173" ordinal="6" offset="188" sl="167" path="0" offsetend="190" fileid="6" />
                <BranchPoint vc="0" uspid="174" ordinal="7" offset="188" sl="167" path="1" offsetend="236" fileid="6" />
              </BranchPoints>
              <MethodPoint xsi:type="SequencePoint" vc="0" uspid="132" ordinal="0" offset="0" sl="141" sc="9" el="141" ec="10" bec="0" bev="0" fileid="6" />
            </Method>
          </Methods>
        </Class>
        <Class>
          <Summary numSequencePoints="140" visitedSequencePoints="0" numBranchPoints="42" visitedBranchPoints="0" sequenceCoverage="0" branchCoverage="0" maxCyclomaticComplexity="5" minCyclomaticComplexity="1" visitedClasses="0" numClasses="1" visitedMethods="0" numMethods="16" />
          <FullName>Santase.Logic.GameRound</FullName>
          <Methods>
            <Method visited="false" cyclomaticComplexity="1" nPathComplexity="0" sequenceCoverage="0" branchCoverage="0" isConstructor="false" isStatic="false" isGetter="true" isSetter="false">
              <Summary numSequencePoints="3" visitedSequencePoints="0" numBranchPoints="1" visitedBranchPoints="0" sequenceCoverage="0" branchCoverage="0" maxCyclomaticComplexity="1" minCyclomaticComplexity="1" visitedClasses="0" numClasses="0" visitedMethods="0" numMethods="1" />
              <MetadataToken>100663317</MetadataToken>
              <Name>System.Int32 Santase.Logic.GameRound::get_FirstPlayerPoints()</Name>
              <FileRef uid="7" />
              <SequencePoints>
                <SequencePoint vc="0" uspid="175" ordinal="0" offset="0" sl="194" sc="17" el="194" ec="18" bec="0" bev="0" fileid="7" />
                <SequencePoint vc="0" uspid="176" ordinal="1" offset="1" sl="194" sc="19" el="194" ec="49" bec="0" bev="0" fileid="7" />
                <SequencePoint vc="0" uspid="177" ordinal="2" offset="10" sl="194" sc="50" el="194" ec="51" bec="0" bev="0" fileid="7" />
              </SequencePoints>
              <BranchPoints />
              <MethodPoint xsi:type="SequencePoint" vc="0" uspid="175" ordinal="0" offset="0" sl="194" sc="17" el="194" ec="18" bec="0" bev="0" fileid="7" />
            </Method>
            <Method visited="false" cyclomaticComplexity="1" nPathComplexity="0" sequenceCoverage="0" branchCoverage="0" isConstructor="false" isStatic="false" isGetter="true" isSetter="false">
              <Summary numSequencePoints="3" visitedSequencePoints="0" numBranchPoints="1" visitedBranchPoints="0" sequenceCoverage="0" branchCoverage="0" maxCyclomaticComplexity="1" minCyclomaticComplexity="1" visitedClasses="0" numClasses="0" visitedMethods="0" numMethods="1" />
              <MetadataToken>100663318</MetadataToken>
              <Name>System.Int32 Santase.Logic.GameRound::get_SecondPlayerPoints()</Name>
              <FileRef uid="7" />
              <SequencePoints>
                <SequencePoint vc="0" uspid="178" ordinal="0" offset="0" sl="199" sc="17" el="199" ec="18" bec="0" bev="0" fileid="7" />
                <SequencePoint vc="0" uspid="179" ordinal="1" offset="1" sl="199" sc="19" el="199" ec="50" bec="0" bev="0" fileid="7" />
                <SequencePoint vc="0" uspid="180" ordinal="2" offset="10" sl="199" sc="51" el="199" ec="52" bec="0" bev="0" fileid="7" />
              </SequencePoints>
              <BranchPoints />
              <MethodPoint xsi:type="SequencePoint" vc="0" uspid="178" ordinal="0" offset="0" sl="199" sc="17" el="199" ec="18" bec="0" bev="0" fileid="7" />
            </Method>
            <Method visited="false" cyclomaticComplexity="1" nPathComplexity="0" sequenceCoverage="0" branchCoverage="0" isConstructor="false" isStatic="false" isGetter="true" isSetter="false">
              <Summary numSequencePoints="3" visitedSequencePoints="0" numBranchPoints="1" visitedBranchPoints="0" sequenceCoverage="0" branchCoverage="0" maxCyclomaticComplexity="1" minCyclomaticComplexity="1" visitedClasses="0" numClasses="0" visitedMethods="0" numMethods="1" />
              <MetadataToken>100663319</MetadataToken>
              <Name>System.Boolean Santase.Logic.GameRound::get_FirstPlayerHasHand()</Name>
              <FileRef uid="7" />
              <SequencePoints>
                <SequencePoint vc="0" uspid="181" ordinal="0" offset="0" sl="204" sc="17" el="204" ec="18" bec="0" bev="0" fileid="7" />
                <SequencePoint vc="0" uspid="182" ordinal="1" offset="1" sl="204" sc="19" el="204" ec="60" bec="0" bev="0" fileid="7" />
                <SequencePoint vc="0" uspid="183" ordinal="2" offset="10" sl="204" sc="61" el="204" ec="62" bec="0" bev="0" fileid="7" />
              </SequencePoints>
              <BranchPoints />
              <MethodPoint xsi:type="SequencePoint" vc="0" uspid="181" ordinal="0" offset="0" sl="204" sc="17" el="204" ec="18" bec="0" bev="0" fileid="7" />
            </Method>
            <Method visited="false" cyclomaticComplexity="1" nPathComplexity="0" sequenceCoverage="0" branchCoverage="0" isConstructor="false" isStatic="false" isGetter="true" isSetter="false">
              <Summary numSequencePoints="3" visitedSequencePoints="0" numBranchPoints="1" visitedBranchPoints="0" sequenceCoverage="0" branchCoverage="0" maxCyclomaticComplexity="1" minCyclomaticComplexity="1" visitedClasses="0" numClasses="0" visitedMethods="0" numMethods="1" />
              <MetadataToken>100663320</MetadataToken>
              <Name>System.Boolean Santase.Logic.GameRound::get_SecondPlayerHasHand()</Name>
              <FileRef uid="7" />
              <SequencePoints>
                <SequencePoint vc="0" uspid="184" ordinal="0" offset="0" sl="209" sc="17" el="209" ec="18" bec="0" bev="0" fileid="7" />
                <SequencePoint vc="0" uspid="185" ordinal="1" offset="1" sl="209" sc="19" el="209" ec="61" bec="0" bev="0" fileid="7" />
                <SequencePoint vc="0" uspid="186" ordinal="2" offset="10" sl="209" sc="62" el="209" ec="63" bec="0" bev="0" fileid="7" />
              </SequencePoints>
              <BranchPoints />
              <MethodPoint xsi:type="SequencePoint" vc="0" uspid="184" ordinal="0" offset="0" sl="209" sc="17" el="209" ec="18" bec="0" bev="0" fileid="7" />
            </Method>
            <Method visited="false" cyclomaticComplexity="1" nPathComplexity="0" sequenceCoverage="0" branchCoverage="0" isConstructor="false" isStatic="false" isGetter="true" isSetter="false">
              <Summary numSequencePoints="3" visitedSequencePoints="0" numBranchPoints="1" visitedBranchPoints="0" sequenceCoverage="0" branchCoverage="0" maxCyclomaticComplexity="1" minCyclomaticComplexity="1" visitedClasses="0" numClasses="0" visitedMethods="0" numMethods="1" />
              <MetadataToken>100663321</MetadataToken>
              <Name>Santase.Logic.PlayerPosition Santase.Logic.GameRound::get_ClosedByPlayer()</Name>
              <FileRef uid="7" />
              <SequencePoints>
                <SequencePoint vc="0" uspid="187" ordinal="0" offset="0" sl="214" sc="17" el="214" ec="18" bec="0" bev="0" fileid="7" />
                <SequencePoint vc="0" uspid="188" ordinal="1" offset="1" sl="214" sc="19" el="214" ec="44" bec="0" bev="0" fileid="7" />
                <SequencePoint vc="0" uspid="189" ordinal="2" offset="10" sl="214" sc="45" el="214" ec="46" bec="0" bev="0" fileid="7" />
              </SequencePoints>
              <BranchPoints />
              <MethodPoint xsi:type="SequencePoint" vc="0" uspid="187" ordinal="0" offset="0" sl="214" sc="17" el="214" ec="18" bec="0" bev="0" fileid="7" />
            </Method>
            <Method visited="false" cyclomaticComplexity="1" nPathComplexity="0" sequenceCoverage="0" branchCoverage="0" isConstructor="false" isStatic="false" isGetter="true" isSetter="false">
              <Summary numSequencePoints="3" visitedSequencePoints="0" numBranchPoints="1" visitedBranchPoints="0" sequenceCoverage="0" branchCoverage="0" maxCyclomaticComplexity="1" minCyclomaticComplexity="1" visitedClasses="0" numClasses="0" visitedMethods="0" numMethods="1" />
              <MetadataToken>100663323</MetadataToken>
              <Name>Santase.Logic.PlayerPosition Santase.Logic.GameRound::get_LastHandInPlayer()</Name>
              <FileRef uid="7" />
              <SequencePoints>
                <SequencePoint vc="0" uspid="190" ordinal="0" offset="0" sl="226" sc="17" el="226" ec="18" bec="0" bev="0" fileid="7" />
                <SequencePoint vc="0" uspid="191" ordinal="1" offset="1" sl="226" sc="19" el="226" ec="43" bec="0" bev="0" fileid="7" />
                <SequencePoint vc="0" uspid="192" ordinal="2" offset="10" sl="226" sc="44" el="226" ec="45" bec="0" bev="0" fileid="7" />
              </SequencePoints>
              <BranchPoints />
              <MethodPoint xsi:type="SequencePoint" vc="0" uspid="190" ordinal="0" offset="0" sl="226" sc="17" el="226" ec="18" bec="0" bev="0" fileid="7" />
            </Method>
            <Method visited="false" cyclomaticComplexity="1" nPathComplexity="0" sequenceCoverage="0" branchCoverage="0" isConstructor="true" isStatic="false" isGetter="false" isSetter="false">
              <Summary numSequencePoints="15" visitedSequencePoints="0" numBranchPoints="1" visitedBranchPoints="0" sequenceCoverage="0" branchCoverage="0" maxCyclomaticComplexity="1" minCyclomaticComplexity="1" visitedClasses="0" numClasses="0" visitedMethods="0" numMethods="1" />
              <MetadataToken>100663308</MetadataToken>
              <Name>System.Void Santase.Logic.GameRound::.ctor(Santase.Logic.Players.IPlayer,Santase.Logic.Players.IPlayer,Santase.Logic.PlayerPosition)</Name>
              <FileRef uid="7" />
              <SequencePoints>
                <SequencePoint vc="0" uspid="193" ordinal="0" offset="0" sl="32" sc="9" el="32" ec="96" bec="0" bev="0" fileid="7" />
                <SequencePoint vc="0" uspid="194" ordinal="1" offset="7" sl="33" sc="9" el="33" ec="10" bec="0" bev="0" fileid="7" />
                <SequencePoint vc="0" uspid="195" ordinal="2" offset="8" sl="34" sc="13" el="34" ec="36" bec="0" bev="0" fileid="7" />
                <SequencePoint vc="0" uspid="196" ordinal="3" offset="19" sl="35" sc="13" el="35" ec="44" bec="0" bev="0" fileid="7" />
                <SequencePoint vc="0" uspid="197" ordinal="4" offset="26" sl="36" sc="13" el="36" ec="40" bec="0" bev="0" fileid="7" />
                <SequencePoint vc="0" uspid="198" ordinal="5" offset="33" sl="37" sc="13" el="37" ec="54" bec="0" bev="0" fileid="7" />
                <SequencePoint vc="0" uspid="199" ordinal="6" offset="44" sl="38" sc="13" el="38" ec="55" bec="0" bev="0" fileid="7" />
                <SequencePoint vc="0" uspid="200" ordinal="7" offset="51" sl="40" sc="13" el="40" ec="46" bec="0" bev="0" fileid="7" />
                <SequencePoint vc="0" uspid="201" ordinal="8" offset="58" sl="41" sc="13" el="41" ec="41" bec="0" bev="0" fileid="7" />
                <SequencePoint vc="0" uspid="202" ordinal="9" offset="65" sl="42" sc="13" el="42" ec="55" bec="0" bev="0" fileid="7" />
                <SequencePoint vc="0" uspid="203" ordinal="10" offset="76" sl="43" sc="13" el="43" ec="56" bec="0" bev="0" fileid="7" />
                <SequencePoint vc="0" uspid="204" ordinal="11" offset="83" sl="45" sc="13" el="45" ec="44" bec="0" bev="0" fileid="7" />
                <SequencePoint vc="0" uspid="205" ordinal="12" offset="90" sl="47" sc="13" el="47" ec="54" bec="0" bev="0" fileid="7" />
                <SequencePoint vc="0" uspid="206" ordinal="13" offset="103" sl="49" sc="13" el="49" ec="54" bec="0" bev="0" fileid="7" />
                <SequencePoint vc="0" uspid="207" ordinal="14" offset="110" sl="50" sc="9" el="50" ec="10" bec="0" bev="0" fileid="7" />
              </SequencePoints>
              <BranchPoints />
              <MethodPoint xsi:type="SequencePoint" vc="0" uspid="193" ordinal="0" offset="0" sl="32" sc="9" el="32" ec="96" bec="0" bev="0" fileid="7" />
            </Method>
            <Method visited="false" cyclomaticComplexity="2" nPathComplexity="2" sequenceCoverage="0" branchCoverage="0" isConstructor="false" isStatic="false" isGetter="false" isSetter="false">
              <Summary numSequencePoints="7" visitedSequencePoints="0" numBranchPoints="3" visitedBranchPoints="0" sequenceCoverage="0" branchCoverage="0" maxCyclomaticComplexity="2" minCyclomaticComplexity="2" visitedClasses="0" numClasses="0" visitedMethods="0" numMethods="1" />
              <MetadataToken>100663309</MetadataToken>
              <Name>System.Void Santase.Logic.GameRound::Start()</Name>
              <FileRef uid="7" />
              <SequencePoints>
                <SequencePoint vc="0" uspid="208" ordinal="0" offset="0" sl="53" sc="9" el="53" ec="10" bec="0" bev="0" fileid="7" />
                <SequencePoint vc="0" uspid="209" ordinal="1" offset="1" sl="54" sc="13" el="54" ec="35" bec="0" bev="0" fileid="7" />
                <SequencePoint vc="0" uspid="210" ordinal="2" offset="10" sl="56" sc="13" el="56" ec="14" bec="0" bev="0" fileid="7" />
                <SequencePoint vc="0" uspid="211" ordinal="3" offset="11" sl="57" sc="17" el="57" ec="33" bec="0" bev="0" fileid="7" />
                <SequencePoint vc="0" uspid="212" ordinal="4" offset="18" sl="58" sc="13" el="58" ec="14" bec="0" bev="0" fileid="7" />
                <SequencePoint vc="0" uspid="213" ordinal="5" offset="19" sl="55" sc="13" el="55" ec="38" bec="2" bev="0" fileid="7" />
                <SequencePoint vc="0" uspid="214" ordinal="6" offset="32" sl="59" sc="9" el="59" ec="10" bec="0" bev="0" fileid="7" />
              </SequencePoints>
              <BranchPoints>
                <BranchPoint vc="0" uspid="215" ordinal="0" offset="30" sl="55" path="0" offsetend="32" fileid="7" />
                <BranchPoint vc="0" uspid="216" ordinal="1" offset="30" sl="55" path="1" offsetend="10" fileid="7" />
              </BranchPoints>
              <MethodPoint xsi:type="SequencePoint" vc="0" uspid="208" ordinal="0" offset="0" sl="53" sc="9" el="53" ec="10" bec="0" bev="0" fileid="7" />
            </Method>
            <Method visited="false" cyclomaticComplexity="4" nPathComplexity="4" sequenceCoverage="0" branchCoverage="0" isConstructor="false" isStatic="false" isGetter="false" isSetter="false">
              <Summary numSequencePoints="22" visitedSequencePoints="0" numBranchPoints="5" visitedBranchPoints="0" sequenceCoverage="0" branchCoverage="0" maxCyclomaticComplexity="4" minCyclomaticComplexity="4" visitedClasses="0" numClasses="0" visitedMethods="0" numMethods="1" />
              <MetadataToken>100663310</MetadataToken>
              <Name>System.Void Santase.Logic.GameRound::PlayHand()</Name>
              <FileRef uid="7" />
              <SequencePoints>
                <SequencePoint vc="0" uspid="217" ordinal="0" offset="0" sl="62" sc="9" el="62" ec="10" bec="0" bev="0" fileid="7" />
                <SequencePoint vc="0" uspid="218" ordinal="1" offset="1" sl="63" sc="13" el="70" ec="28" bec="0" bev="0" fileid="7" />
                <SequencePoint vc="0" uspid="219" ordinal="2" offset="49" sl="71" sc="13" el="71" ec="26" bec="0" bev="0" fileid="7" />
                <SequencePoint vc="0" uspid="220" ordinal="3" offset="56" sl="73" sc="13" el="73" ec="37" bec="0" bev="0" fileid="7" />
                <SequencePoint vc="0" uspid="221" ordinal="4" offset="64" sl="75" sc="13" el="75" ec="59" bec="2" bev="0" fileid="7" />
                <SequencePoint vc="0" uspid="222" ordinal="5" offset="77" sl="76" sc="13" el="76" ec="14" bec="0" bev="0" fileid="7" />
                <SequencePoint vc="0" uspid="223" ordinal="6" offset="78" sl="77" sc="17" el="77" ec="58" bec="0" bev="0" fileid="7" />
                <SequencePoint vc="0" uspid="224" ordinal="7" offset="85" sl="78" sc="13" el="78" ec="14" bec="0" bev="0" fileid="7" />
                <SequencePoint vc="0" uspid="225" ordinal="8" offset="88" sl="80" sc="13" el="80" ec="14" bec="0" bev="0" fileid="7" />
                <SequencePoint vc="0" uspid="226" ordinal="9" offset="89" sl="81" sc="17" el="81" ec="59" bec="0" bev="0" fileid="7" />
                <SequencePoint vc="0" uspid="227" ordinal="10" offset="96" sl="82" sc="13" el="82" ec="14" bec="0" bev="0" fileid="7" />
                <SequencePoint vc="0" uspid="228" ordinal="11" offset="97" sl="84" sc="13" el="84" ec="44" bec="0" bev="0" fileid="7" />
                <SequencePoint vc="0" uspid="229" ordinal="12" offset="109" sl="86" sc="13" el="86" ec="64" bec="0" bev="0" fileid="7" />
                <SequencePoint vc="0" uspid="230" ordinal="13" offset="127" sl="87" sc="13" el="87" ec="66" bec="0" bev="0" fileid="7" />
                <SequencePoint vc="0" uspid="231" ordinal="14" offset="145" sl="89" sc="13" el="90" ec="69" bec="2" bev="0" fileid="7" />
                <SequencePoint vc="0" uspid="232" ordinal="15" offset="170" sl="91" sc="13" el="91" ec="14" bec="0" bev="0" fileid="7" />
                <SequencePoint vc="0" uspid="233" ordinal="16" offset="171" sl="92" sc="17" el="92" ec="55" bec="0" bev="0" fileid="7" />
                <SequencePoint vc="0" uspid="234" ordinal="17" offset="183" sl="93" sc="17" el="93" ec="36" bec="0" bev="0" fileid="7" />
                <SequencePoint vc="0" uspid="235" ordinal="18" offset="195" sl="94" sc="13" el="94" ec="14" bec="0" bev="0" fileid="7" />
                <SequencePoint vc="0" uspid="236" ordinal="19" offset="196" sl="96" sc="13" el="96" ec="33" bec="0" bev="0" fileid="7" />
                <SequencePoint vc="0" uspid="237" ordinal="20" offset="203" sl="97" sc="13" el="97" ec="54" bec="0" bev="0" fileid="7" />
                <SequencePoint vc="0" uspid="238" ordinal="21" offset="226" sl="98" sc="9" el="98" ec="10" bec="0" bev="0" fileid="7" />
              </SequencePoints>
              <BranchPoints>
                <BranchPoint vc="0" uspid="239" ordinal="0" offset="75" sl="75" path="0" offsetend="77" fileid="7" />
                <BranchPoint vc="0" uspid="240" ordinal="1" offset="75" sl="75" path="1" offsetend="88" fileid="7" />
                <BranchPoint vc="0" uspid="243" ordinal="4" offset="168" sl="89" path="0" offsetend="170" fileid="7" />
                <BranchPoint vc="0" uspid="244" ordinal="5" offset="168" sl="89" path="1" offsetend="196" fileid="7" />
              </BranchPoints>
              <MethodPoint xsi:type="SequencePoint" vc="0" uspid="217" ordinal="0" offset="0" sl="62" sc="9" el="62" ec="10" bec="0" bev="0" fileid="7" />
            </Method>
            <Method visited="false" cyclomaticComplexity="3" nPathComplexity="4" sequenceCoverage="0" branchCoverage="0" isConstructor="false" isStatic="false" isGetter="false" isSetter="false">
              <Summary numSequencePoints="14" visitedSequencePoints="0" numBranchPoints="5" visitedBranchPoints="0" sequenceCoverage="0" branchCoverage="0" maxCyclomaticComplexity="3" minCyclomaticComplexity="3" visitedClasses="0" numClasses="0" visitedMethods="0" numMethods="1" />
              <MetadataToken>100663311</MetadataToken>
              <Name>System.Void Santase.Logic.GameRound::DrawNewCards()</Name>
              <FileRef uid="7" />
              <SequencePoints>
                <SequencePoint vc="0" uspid="245" ordinal="0" offset="0" sl="101" sc="9" el="101" ec="10" bec="0" bev="0" fileid="7" />
                <SequencePoint vc="0" uspid="246" ordinal="1" offset="1" sl="102" sc="13" el="102" ec="43" bec="2" bev="0" fileid="7" />
                <SequencePoint vc="0" uspid="247" ordinal="2" offset="16" sl="103" sc="13" el="103" ec="14" bec="0" bev="0" fileid="7" />
                <SequencePoint vc="0" uspid="248" ordinal="3" offset="17" sl="104" sc="17" el="104" ec="68" bec="2" bev="0" fileid="7" />
                <SequencePoint vc="0" uspid="249" ordinal="4" offset="30" sl="105" sc="17" el="105" ec="18" bec="0" bev="0" fileid="7" />
                <SequencePoint vc="0" uspid="250" ordinal="5" offset="31" sl="106" sc="21" el="106" ec="50" bec="0" bev="0" fileid="7" />
                <SequencePoint vc="0" uspid="251" ordinal="6" offset="38" sl="107" sc="21" el="107" ec="51" bec="0" bev="0" fileid="7" />
                <SequencePoint vc="0" uspid="252" ordinal="7" offset="45" sl="108" sc="17" el="108" ec="18" bec="0" bev="0" fileid="7" />
                <SequencePoint vc="0" uspid="253" ordinal="8" offset="48" sl="110" sc="17" el="110" ec="18" bec="0" bev="0" fileid="7" />
                <SequencePoint vc="0" uspid="254" ordinal="9" offset="49" sl="111" sc="21" el="111" ec="51" bec="0" bev="0" fileid="7" />
                <SequencePoint vc="0" uspid="255" ordinal="10" offset="56" sl="112" sc="21" el="112" ec="50" bec="0" bev="0" fileid="7" />
                <SequencePoint vc="0" uspid="256" ordinal="11" offset="63" sl="113" sc="17" el="113" ec="18" bec="0" bev="0" fileid="7" />
                <SequencePoint vc="0" uspid="257" ordinal="12" offset="64" sl="114" sc="13" el="114" ec="14" bec="0" bev="0" fileid="7" />
                <SequencePoint vc="0" uspid="258" ordinal="13" offset="65" sl="115" sc="9" el="115" ec="10" bec="0" bev="0" fileid="7" />
              </SequencePoints>
              <BranchPoints>
                <BranchPoint vc="0" uspid="259" ordinal="0" offset="14" sl="102" path="0" offsetend="16" fileid="7" />
                <BranchPoint vc="0" uspid="260" ordinal="1" offset="14" sl="102" path="1" offsetend="65" fileid="7" />
                <BranchPoint vc="0" uspid="261" ordinal="2" offset="28" sl="104" path="0" offsetend="30" fileid="7" />
                <BranchPoint vc="0" uspid="262" ordinal="3" offset="28" sl="104" path="1" offsetend="48" fileid="7" />
              </BranchPoints>
              <MethodPoint xsi:type="SequencePoint" vc="0" uspid="245" ordinal="0" offset="0" sl="101" sc="9" el="101" ec="10" bec="0" bev="0" fileid="7" />
            </Method>
            <Method visited="false" cyclomaticComplexity="2" nPathComplexity="2" sequenceCoverage="0" branchCoverage="0" isConstructor="false" isStatic="false" isGetter="false" isSetter="false">
              <Summary numSequencePoints="13" visitedSequencePoints="0" numBranchPoints="3" visitedBranchPoints="0" sequenceCoverage="0" branchCoverage="0" maxCyclomaticComplexity="2" minCyclomaticComplexity="2" visitedClasses="0" numClasses="0" visitedMethods="0" numMethods="1" />
              <MetadataToken>100663312</MetadataToken>
              <Name>System.Void Santase.Logic.GameRound::UpdatePoints(Santase.Logic.IGameHand)</Name>
              <FileRef uid="7" />
              <SequencePoints>
                <SequencePoint vc="0" uspid="263" ordinal="0" offset="0" sl="118" sc="9" el="118" ec="10" bec="0" bev="0" fileid="7" />
                <SequencePoint vc="0" uspid="264" ordinal="1" offset="1" sl="119" sc="13" el="119" ec="59" bec="2" bev="0" fileid="7" />
                <SequencePoint vc="0" uspid="265" ordinal="2" offset="14" sl="120" sc="13" el="120" ec="14" bec="0" bev="0" fileid="7" />
                <SequencePoint vc="0" uspid="266" ordinal="3" offset="15" sl="121" sc="17" el="121" ec="75" bec="0" bev="0" fileid="7" />
                <SequencePoint vc="0" uspid="267" ordinal="4" offset="39" sl="122" sc="17" el="122" ec="76" bec="0" bev="0" fileid="7" />
                <SequencePoint vc="0" uspid="268" ordinal="5" offset="63" sl="123" sc="13" el="123" ec="14" bec="0" bev="0" fileid="7" />
                <SequencePoint vc="0" uspid="269" ordinal="6" offset="66" sl="125" sc="13" el="125" ec="14" bec="0" bev="0" fileid="7" />
                <SequencePoint vc="0" uspid="270" ordinal="7" offset="67" sl="126" sc="17" el="126" ec="76" bec="0" bev="0" fileid="7" />
                <SequencePoint vc="0" uspid="271" ordinal="8" offset="91" sl="127" sc="17" el="127" ec="77" bec="0" bev="0" fileid="7" />
                <SequencePoint vc="0" uspid="272" ordinal="9" offset="115" sl="128" sc="13" el="128" ec="14" bec="0" bev="0" fileid="7" />
                <SequencePoint vc="0" uspid="273" ordinal="10" offset="116" sl="130" sc="13" el="130" ec="69" bec="0" bev="0" fileid="7" />
                <SequencePoint vc="0" uspid="274" ordinal="11" offset="135" sl="131" sc="13" el="131" ec="71" bec="0" bev="0" fileid="7" />
                <SequencePoint vc="0" uspid="275" ordinal="12" offset="154" sl="132" sc="9" el="132" ec="10" bec="0" bev="0" fileid="7" />
              </SequencePoints>
              <BranchPoints>
                <BranchPoint vc="0" uspid="276" ordinal="0" offset="12" sl="119" path="0" offsetend="14" fileid="7" />
                <BranchPoint vc="0" uspid="277" ordinal="1" offset="12" sl="119" path="1" offsetend="66" fileid="7" />
              </BranchPoints>
              <MethodPoint xsi:type="SequencePoint" vc="0" uspid="263" ordinal="0" offset="0" sl="118" sc="9" el="118" ec="10" bec="0" bev="0" fileid="7" />
            </Method>
            <Method visited="false" cyclomaticComplexity="1" nPathComplexity="0" sequenceCoverage="0" branchCoverage="0" isConstructor="false" isStatic="false" isGetter="false" isSetter="false">
              <Summary numSequencePoints="5" visitedSequencePoints="0" numBranchPoints="1" visitedBranchPoints="0" sequenceCoverage="0" branchCoverage="0" maxCyclomaticComplexity="1" minCyclomaticComplexity="1" visitedClasses="0" numClasses="0" visitedMethods="0" numMethods="1" />
              <MetadataToken>100663313</MetadataToken>
              <Name>System.Void Santase.Logic.GameRound::GiveCardToFirstPlayer()</Name>
              <FileRef uid="7" />
              <SequencePoints>
                <SequencePoint vc="0" uspid="278" ordinal="0" offset="0" sl="135" sc="9" el="135" ec="10" bec="0" bev="0" fileid="7" />
                <SequencePoint vc="0" uspid="279" ordinal="1" offset="1" sl="136" sc="13" el="136" ec="48" bec="0" bev="0" fileid="7" />
                <SequencePoint vc="0" uspid="280" ordinal="2" offset="13" sl="137" sc="13" el="137" ec="44" bec="0" bev="0" fileid="7" />
                <SequencePoint vc="0" uspid="281" ordinal="3" offset="26" sl="138" sc="13" el="138" ec="45" bec="0" bev="0" fileid="7" />
                <SequencePoint vc="0" uspid="282" ordinal="4" offset="39" sl="139" sc="9" el="139" ec="10" bec="0" bev="0" fileid="7" />
              </SequencePoints>
              <BranchPoints />
              <MethodPoint xsi:type="SequencePoint" vc="0" uspid="278" ordinal="0" offset="0" sl="135" sc="9" el="135" ec="10" bec="0" bev="0" fileid="7" />
            </Method>
            <Method visited="false" cyclomaticComplexity="1" nPathComplexity="0" sequenceCoverage="0" branchCoverage="0" isConstructor="false" isStatic="false" isGetter="false" isSetter="false">
              <Summary numSequencePoints="5" visitedSequencePoints="0" numBranchPoints="1" visitedBranchPoints="0" sequenceCoverage="0" branchCoverage="0" maxCyclomaticComplexity="1" minCyclomaticComplexity="1" visitedClasses="0" numClasses="0" visitedMethods="0" numMethods="1" />
              <MetadataToken>100663314</MetadataToken>
              <Name>System.Void Santase.Logic.GameRound::GiveCardToSecondPlayer()</Name>
              <FileRef uid="7" />
              <SequencePoints>
                <SequencePoint vc="0" uspid="283" ordinal="0" offset="0" sl="142" sc="9" el="142" ec="10" bec="0" bev="0" fileid="7" />
                <SequencePoint vc="0" uspid="284" ordinal="1" offset="1" sl="143" sc="13" el="143" ec="48" bec="0" bev="0" fileid="7" />
                <SequencePoint vc="0" uspid="285" ordinal="2" offset="13" sl="144" sc="13" el="144" ec="45" bec="0" bev="0" fileid="7" />
                <SequencePoint vc="0" uspid="286" ordinal="3" offset="26" sl="145" sc="13" el="145" ec="46" bec="0" bev="0" fileid="7" />
                <SequencePoint vc="0" uspid="287" ordinal="4" offset="39" sl="146" sc="9" el="146" ec="10" bec="0" bev="0" fileid="7" />
              </SequencePoints>
              <BranchPoints />
              <MethodPoint xsi:type="SequencePoint" vc="0" uspid="283" ordinal="0" offset="0" sl="142" sc="9" el="142" ec="10" bec="0" bev="0" fileid="7" />
            </Method>
            <Method visited="false" cyclomaticComplexity="5" nPathComplexity="8" sequenceCoverage="0" branchCoverage="0" isConstructor="false" isStatic="false" isGetter="false" isSetter="false">
              <Summary numSequencePoints="12" visitedSequencePoints="0" numBranchPoints="7" visitedBranchPoints="0" sequenceCoverage="0" branchCoverage="0" maxCyclomaticComplexity="5" minCyclomaticComplexity="5" visitedClasses="0" numClasses="0" visitedMethods="0" numMethods="1" />
              <MetadataToken>100663315</MetadataToken>
              <Name>System.Boolean Santase.Logic.GameRound::IsFinished()</Name>
              <FileRef uid="7" />
              <SequencePoints>
                <SequencePoint vc="0" uspid="288" ordinal="0" offset="0" sl="149" sc="9" el="149" ec="10" bec="0" bev="0" fileid="7" />
                <SequencePoint vc="0" uspid="289" ordinal="1" offset="1" sl="150" sc="13" el="150" ec="46" bec="2" bev="0" fileid="7" />
                <SequencePoint vc="0" uspid="290" ordinal="2" offset="18" sl="151" sc="13" el="151" ec="14" bec="0" bev="0" fileid="7" />
                <SequencePoint vc="0" uspid="291" ordinal="3" offset="19" sl="152" sc="17" el="152" ec="29" bec="0" bev="0" fileid="7" />
                <SequencePoint vc="0" uspid="292" ordinal="4" offset="23" sl="155" sc="13" el="155" ec="47" bec="2" bev="0" fileid="7" />
                <SequencePoint vc="0" uspid="293" ordinal="5" offset="40" sl="156" sc="13" el="156" ec="14" bec="0" bev="0" fileid="7" />
                <SequencePoint vc="0" uspid="294" ordinal="6" offset="41" sl="157" sc="17" el="157" ec="29" bec="0" bev="0" fileid="7" />
                <SequencePoint vc="0" uspid="295" ordinal="7" offset="45" sl="160" sc="13" el="161" ec="54" bec="2" bev="0" fileid="7" />
                <SequencePoint vc="0" uspid="296" ordinal="8" offset="79" sl="162" sc="13" el="162" ec="14" bec="0" bev="0" fileid="7" />
                <SequencePoint vc="0" uspid="297" ordinal="9" offset="80" sl="163" sc="17" el="163" ec="29" bec="0" bev="0" fileid="7" />
                <SequencePoint vc="0" uspid="298" ordinal="10" offset="84" sl="166" sc="13" el="166" ec="26" bec="0" bev="0" fileid="7" />
                <SequencePoint vc="0" uspid="299" ordinal="11" offset="88" sl="167" sc="9" el="167" ec="10" bec="0" bev="0" fileid="7" />
              </SequencePoints>
              <BranchPoints>
                <BranchPoint vc="0" uspid="300" ordinal="0" offset="16" sl="150" path="0" offsetend="18" fileid="7" />
                <BranchPoint vc="0" uspid="301" ordinal="1" offset="16" sl="150" path="1" offsetend="23" fileid="7" />
                <BranchPoint vc="0" uspid="302" ordinal="2" offset="38" sl="155" path="0" offsetend="40" fileid="7" />
                <BranchPoint vc="0" uspid="303" ordinal="3" offset="38" sl="155" path="1" offsetend="45" fileid="7" />
                <BranchPoint vc="0" uspid="306" ordinal="6" offset="77" sl="160" path="0" offsetend="79" fileid="7" />
                <BranchPoint vc="0" uspid="307" ordinal="7" offset="77" sl="160" path="1" offsetend="84" fileid="7" />
              </BranchPoints>
              <MethodPoint xsi:type="SequencePoint" vc="0" uspid="288" ordinal="0" offset="0" sl="149" sc="9" el="149" ec="10" bec="0" bev="0" fileid="7" />
            </Method>
            <Method visited="false" cyclomaticComplexity="5" nPathComplexity="16" sequenceCoverage="0" branchCoverage="0" isConstructor="false" isStatic="false" isGetter="false" isSetter="false">
              <Summary numSequencePoints="26" visitedSequencePoints="0" numBranchPoints="9" visitedBranchPoints="0" sequenceCoverage="0" branchCoverage="0" maxCyclomaticComplexity="5" minCyclomaticComplexity="5" visitedClasses="0" numClasses="0" visitedMethods="0" numMethods="1" />
[...]
          <FullName>Santase.Logic.Cards.CardExtensions</FullName>
          <Methods>
            <Method visited="false" cyclomaticComplexity="6" nPathComplexity="5" sequenceCoverage="0" branchCoverage="0" isConstructor="false" isStatic="true" isGetter="false" isSetter="false">
              <Summary numSequencePoints="8" visitedSequencePoints="0" numBranchPoints="6" visitedBranchPoints="0" sequenceCoverage="0" branchCoverage="0" maxCyclomaticComplexity="6" minCyclomaticComplexity="6" visitedClasses="0" numClasses="0" visitedMethods="0" numMethods="1" />
              <MetadataToken>100663432</MetadataToken>
              <Name>System.String Santase.Logic.Cards.CardExtensions::ToFriendlyString(Santase.Logic.Cards.CardSuit)</Name>
              <FileRef uid="25" />
              <SequencePoints>
                <SequencePoint vc="0" uspid="810" ordinal="0" offset="0" sl="12" sc="9" el="12" ec="10" bec="0" bev="0" fileid="25" />
                <SequencePoint vc="0" uspid="811" ordinal="1" offset="1" sl="13" sc="13" el="13" ec="29" bec="5" bev="0" fileid="25" />
                <SequencePoint vc="0" uspid="812" ordinal="2" offset="27" sl="16" sc="21" el="16" ec="32" bec="0" bev="0" fileid="25" />
                <SequencePoint vc="0" uspid="813" ordinal="3" offset="35" sl="18" sc="21" el="18" ec="32" bec="0" bev="0" fileid="25" />
                <SequencePoint vc="0" uspid="814" ordinal="4" offset="43" sl="20" sc="21" el="20" ec="32" bec="0" bev="0" fileid="25" />
                <SequencePoint vc="0" uspid="815" ordinal="5" offset="51" sl="22" sc="21" el="22" ec="32" bec="0" bev="0" fileid="25" />
                <SequencePoint vc="0" uspid="816" ordinal="6" offset="59" sl="24" sc="21" el="24" ec="61" bec="0" bev="0" fileid="25" />
                <SequencePoint vc="0" uspid="817" ordinal="7" offset="70" sl="26" sc="9" el="26" ec="10" bec="0" bev="0" fileid="25" />
              </SequencePoints>
              <BranchPoints>
                <BranchPoint vc="0" uspid="818" ordinal="0" offset="4" sl="13" path="0" offsetchain="25" offsetend="59" fileid="25" />
                <BranchPoint vc="0" uspid="819" ordinal="1" offset="4" sl="13" path="1" offsetend="27" fileid="25" />
                <BranchPoint vc="0" uspid="820" ordinal="2" offset="4" sl="13" path="2" offsetend="35" fileid="25" />
                <BranchPoint vc="0" uspid="821" ordinal="3" offset="4" sl="13" path="3" offsetend="43" fileid="25" />
                <BranchPoint vc="0" uspid="822" ordinal="4" offset="4" sl="13" path="4" offsetend="51" fileid="25" />
              </BranchPoints>
              <MethodPoint xsi:type="SequencePoint" vc="0" uspid="810" ordinal="0" offset="0" sl="12" sc="9" el="12" ec="10" bec="0" bev="0" fileid="25" />
            </Method>
            <Method visited="false" cyclomaticComplexity="8" nPathComplexity="7" sequenceCoverage="0" branchCoverage="0" isConstructor="false" isStatic="true" isGetter="false" isSetter="false">
              <Summary numSequencePoints="10" visitedSequencePoints="0" numBranchPoints="8" visitedBranchPoints="0" sequenceCoverage="0" branchCoverage="0" maxCyclomaticComplexity="8" minCyclomaticComplexity="8" visitedClasses="0" numClasses="0" visitedMethods="0" numMethods="1" />
              <MetadataToken>100663433</MetadataToken>
              <Name>System.String Santase.Logic.Cards.CardExtensions::ToFriendlyString(Santase.Logic.Cards.CardType)</Name>
              <FileRef uid="25" />
              <SequencePoints>
                <SequencePoint vc="0" uspid="823" ordinal="0" offset="0" sl="29" sc="9" el="29" ec="10" bec="0" bev="0" fileid="25" />
                <SequencePoint vc="0" uspid="824" ordinal="1" offset="1" sl="30" sc="13" el="30" ec="29" bec="7" bev="0" fileid="25" />
                <SequencePoint vc="0" uspid="825" ordinal="2" offset="35" sl="33" sc="21" el="33" ec="32" bec="0" bev="0" fileid="25" />
                <SequencePoint vc="0" uspid="826" ordinal="3" offset="43" sl="35" sc="21" el="35" ec="33" bec="0" bev="0" fileid="25" />
                <SequencePoint vc="0" uspid="827" ordinal="4" offset="51" sl="37" sc="21" el="37" ec="32" bec="0" bev="0" fileid="25" />
                <SequencePoint vc="0" uspid="828" ordinal="5" offset="59" sl="39" sc="21" el="39" ec="32" bec="0" bev="0" fileid="25" />
                <SequencePoint vc="0" uspid="829" ordinal="6" offset="67" sl="41" sc="21" el="41" ec="32" bec="0" bev="0" fileid="25" />
                <SequencePoint vc="0" uspid="830" ordinal="7" offset="75" sl="43" sc="21" el="43" ec="32" bec="0" bev="0" fileid="25" />
                <SequencePoint vc="0" uspid="831" ordinal="8" offset="83" sl="45" sc="21" el="45" ec="61" bec="0" bev="0" fileid="25" />
                <SequencePoint vc="0" uspid="832" ordinal="9" offset="94" sl="47" sc="9" el="47" ec="10" bec="0" bev="0" fileid="25" />
              </SequencePoints>
              <BranchPoints>
                <BranchPoint vc="0" uspid="833" ordinal="0" offset="4" sl="30" path="0" offsetchain="33" offsetend="83" fileid="25" />
                <BranchPoint vc="0" uspid="834" ordinal="1" offset="4" sl="30" path="1" offsetend="35" fileid="25" />
                <BranchPoint vc="0" uspid="835" ordinal="2" offset="4" sl="30" path="2" offsetend="43" fileid="25" />
                <BranchPoint vc="0" uspid="836" ordinal="3" offset="4" sl="30" path="3" offsetend="51" fileid="25" />
                <BranchPoint vc="0" uspid="837" ordinal="4" offset="4" sl="30" path="4" offsetend="59" fileid="25" />
                <BranchPoint vc="0" uspid="838" ordinal="5" offset="4" sl="30" path="5" offsetend="67" fileid="25" />
                <BranchPoint vc="0" uspid="839" ordinal="6" offset="4" sl="30" path="6" offsetend="75" fileid="25" />
              </BranchPoints>
              <MethodPoint xsi:type="SequencePoint" vc="0" uspid="823" ordinal="0" offset="0" sl="29" sc="9" el="29" ec="10" bec="0" bev="0" fileid="25" />
            </Method>
          </Methods>
        </Class>
        <Class>
          <Summary numSequencePoints="46" visitedSequencePoints="33" numBranchPoints="11" visitedBranchPoints="6" sequenceCoverage="71.74" branchCoverage="54.55" maxCyclomaticComplexity="5" minCyclomaticComplexity="1" visitedClasses="1" numClasses="1" visitedMethods="4" numMethods="7" />
          <FullName>Santase.Logic.Cards.Deck</FullName>
          <Methods>
            <Method visited="false" cyclomaticComplexity="1" nPathComplexity="0" sequenceCoverage="0" branchCoverage="0" isConstructor="false" isStatic="false" isGetter="true" isSetter="false">
              <Summary numSequencePoints="3" visitedSequencePoints="0" numBranchPoints="1" visitedBranchPoints="0" sequenceCoverage="0" branchCoverage="0" maxCyclomaticComplexity="1" minCyclomaticComplexity="1" visitedClasses="0" numClasses="0" visitedMethods="0" numMethods="1" />
              <MetadataToken>100663436</MetadataToken>
              <Name>Santase.Logic.Cards.Card Santase.Logic.Cards.Deck::get_GetTrumpCard()</Name>
              <FileRef uid="26" />
              <SequencePoints>
                <SequencePoint vc="0" uspid="840" ordinal="0" offset="0" sl="46" sc="17" el="46" ec="18" bec="0" bev="0" fileid="26" />
                <SequencePoint vc="0" uspid="841" ordinal="1" offset="1" sl="46" sc="19" el="46" ec="41" bec="0" bev="0" fileid="26" />
                <SequencePoint vc="0" uspid="842" ordinal="2" offset="10" sl="46" sc="42" el="46" ec="43" bec="0" bev="0" fileid="26" />
              </SequencePoints>
              <BranchPoints />
              <MethodPoint xsi:type="SequencePoint" vc="0" uspid="840" ordinal="0" offset="0" sl="46" sc="17" el="46" ec="18" bec="0" bev="0" fileid="26" />
            </Method>
            <Method visited="false" cyclomaticComplexity="1" nPathComplexity="0" sequenceCoverage="0" branchCoverage="0" isConstructor="false" isStatic="false" isGetter="true" isSetter="false">
              <Summary numSequencePoints="3" visitedSequencePoints="0" numBranchPoints="1" visitedBranchPoints="0" sequenceCoverage="0" branchCoverage="0" maxCyclomaticComplexity="1" minCyclomaticComplexity="1" visitedClasses="0" numClasses="0" visitedMethods="0" numMethods="1" />
              <MetadataToken>100663440</MetadataToken>
              <Name>System.Int32 Santase.Logic.Cards.Deck::get_CardsLeft()</Name>
              <FileRef uid="26" />
              <SequencePoints>
                <SequencePoint vc="0" uspid="843" ordinal="0" offset="0" sl="85" sc="17" el="85" ec="18" bec="0" bev="0" fileid="26" />
                <SequencePoint vc="0" uspid="844" ordinal="1" offset="1" sl="85" sc="19" el="85" ec="49" bec="0" bev="0" fileid="26" />
                <SequencePoint vc="0" uspid="845" ordinal="2" offset="15" sl="85" sc="50" el="85" ec="51" bec="0" bev="0" fileid="26" />
              </SequencePoints>
              <BranchPoints />
              <MethodPoint xsi:type="SequencePoint" vc="0" uspid="843" ordinal="0" offset="0" sl="85" sc="17" el="85" ec="18" bec="0" bev="0" fileid="26" />
            </Method>
            <Method visited="true" cyclomaticComplexity="5" nPathComplexity="0" sequenceCoverage="100" branchCoverage="100" isConstructor="true" isStatic="false" isGetter="false" isSetter="false">
              <Summary numSequencePoints="19" visitedSequencePoints="19" numBranchPoints="1" visitedBranchPoints="1" sequenceCoverage="100" branchCoverage="100" maxCyclomaticComplexity="5" minCyclomaticComplexity="5" visitedClasses="0" numClasses="0" visitedMethods="1" numMethods="1" />
              <MetadataToken>100663434</MetadataToken>
              <Name>System.Void Santase.Logic.Cards.Deck::.ctor()</Name>
              <FileRef uid="26" />
              <SequencePoints>
                <SequencePoint vc="1" uspid="846" ordinal="0" offset="0" sl="16" sc="9" el="16" ec="22" bec="0" bev="0" fileid="26" />
                <SequencePoint vc="1" uspid="847" ordinal="1" offset="7" sl="17" sc="9" el="17" ec="10" bec="0" bev="0" fileid="26" />
                <SequencePoint vc="1" uspid="848" ordinal="2" offset="8" sl="18" sc="13" el="18" ec="49" bec="0" bev="0" fileid="26" />
                <SequencePoint vc="1" uspid="849" ordinal="3" offset="19" sl="19" sc="13" el="19" ec="20" bec="0" bev="0" fileid="26" />
                <SequencePoint vc="1" uspid="850" ordinal="4" offset="20" sl="19" sc="38" el="19" ec="60" bec="0" bev="0" fileid="26" />
                <SequencePoint vc="4" uspid="851" ordinal="5" offset="34" sl="19" sc="22" el="19" ec="34" bec="0" bev="0" fileid="26" />
                <SequencePoint vc="4" uspid="852" ordinal="6" offset="41" sl="20" sc="13" el="20" ec="14" bec="0" bev="0" fileid="26" />
                <SequencePoint vc="4" uspid="853" ordinal="7" offset="42" sl="21" sc="17" el="21" ec="24" bec="0" bev="0" fileid="26" />
                <SequencePoint vc="4" uspid="854" ordinal="8" offset="43" sl="21" sc="42" el="21" ec="64" bec="0" bev="0" fileid="26" />
                <SequencePoint vc="24" uspid="855" ordinal="9" offset="57" sl="21" sc="26" el="21" ec="38" bec="0" bev="0" fileid="26" />
                <SequencePoint vc="24" uspid="856" ordinal="10" offset="64" sl="22" sc="17" el="22" ec="18" bec="0" bev="0" fileid="26" />
                <SequencePoint vc="24" uspid="857" ordinal="11" offset="65" sl="23" sc="21" el="23" ec="72" bec="0" bev="0" fileid="26" />
                <SequencePoint vc="24" uspid="858" ordinal="12" offset="84" sl="24" sc="17" el="24" ec="18" bec="0" bev="0" fileid="26" />
                <SequencePoint vc="28" uspid="859" ordinal="13" offset="85" sl="21" sc="39" el="21" ec="41" bec="0" bev="0" fileid="26" />
                <SequencePoint vc="4" uspid="860" ordinal="14" offset="106" sl="25" sc="13" el="25" ec="14" bec="0" bev="0" fileid="26" />
                <SequencePoint vc="5" uspid="861" ordinal="15" offset="107" sl="19" sc="35" el="19" ec="37" bec="0" bev="0" fileid="26" />
                <SequencePoint vc="1" uspid="862" ordinal="16" offset="128" sl="27" sc="13" el="27" ec="68" bec="0" bev="0" fileid="26" />
                <SequencePoint vc="1" uspid="863" ordinal="17" offset="150" sl="29" sc="13" el="29" ec="45" bec="0" bev="0" fileid="26" />
                <SequencePoint vc="1" uspid="864" ordinal="18" offset="168" sl="30" sc="9" el="30" ec="10" bec="0" bev="0" fileid="26" />
              </SequencePoints>
              <BranchPoints />
              <MethodPoint xsi:type="SequencePoint" vc="1" uspid="846" ordinal="0" offset="0" sl="16" sc="9" el="16" ec="22" bec="0" bev="0" fileid="26" />
            </Method>
            <Method visited="true" cyclomaticComplexity="2" nPathComplexity="2" sequenceCoverage="100" branchCoverage="100" isConstructor="false" isStatic="false" isGetter="false" isSetter="false">
              <Summary numSequencePoints="8" visitedSequencePoints="8" numBranchPoints="3" visitedBranchPoints="3" sequenceCoverage="100" branchCoverage="100" maxCyclomaticComplexity="2" minCyclomaticComplexity="2" visitedClasses="0" numClasses="0" visitedMethods="1" numMethods="1" />
              <MetadataToken>100663435</MetadataToken>
              <Name>Santase.Logic.Cards.Card Santase.Logic.Cards.Deck::GetNextCard()</Name>
              <FileRef uid="26" />
              <SequencePoints>
                <SequencePoint vc="25" uspid="869" ordinal="0" offset="0" sl="33" sc="9" el="33" ec="10" bec="0" bev="0" fileid="26" />
                <SequencePoint vc="25" uspid="870" ordinal="1" offset="1" sl="34" sc="13" el="34" ec="45" bec="2" bev="2" fileid="26" />
                <SequencePoint vc="1" uspid="871" ordinal="2" offset="19" sl="35" sc="13" el="35" ec="14" bec="0" bev="0" fileid="26" />
                <SequencePoint vc="1" uspid="872" ordinal="3" offset="20" sl="36" sc="17" el="36" ec="67" bec="0" bev="0" fileid="26" />
                <SequencePoint vc="24" uspid="873" ordinal="4" offset="31" sl="39" sc="13" el="39" ec="69" bec="0" bev="0" fileid="26" />
                <SequencePoint vc="24" uspid="874" ordinal="5" offset="56" sl="40" sc="13" el="40" ec="67" bec="0" bev="0" fileid="26" />
                <SequencePoint vc="24" uspid="875" ordinal="6" offset="81" sl="41" sc="13" el="41" ec="25" bec="0" bev="0" fileid="26" />
                <SequencePoint vc="24" uspid="876" ordinal="7" offset="85" sl="42" sc="9" el="42" ec="10" bec="0" bev="0" fileid="26" />
              </SequencePoints>
              <BranchPoints>
                <BranchPoint vc="1" uspid="877" ordinal="0" offset="17" sl="34" path="0" offsetend="19" fileid="26" />
                <BranchPoint vc="24" uspid="878" ordinal="1" offset="17" sl="34" path="1" offsetend="31" fileid="26" />
              </BranchPoints>
              <MethodPoint xsi:type="SequencePoint" vc="25" uspid="869" ordinal="0" offset="0" sl="33" sc="9" el="33" ec="10" bec="0" bev="0" fileid="26" />
            </Method>
            <Method visited="false" cyclomaticComplexity="2" nPathComplexity="2" sequenceCoverage="0" branchCoverage="0" isConstructor="false" isStatic="false" isGetter="false" isSetter="false">
              <Summary numSequencePoints="7" visitedSequencePoints="0" numBranchPoints="3" visitedBranchPoints="0" sequenceCoverage="0" branchCoverage="0" maxCyclomaticComplexity="2" minCyclomaticComplexity="2" visitedClasses="0" numClasses="0" visitedMethods="0" numMethods="1" />
              <MetadataToken>100663437</MetadataToken>
              <Name>System.Void Santase.Logic.Cards.Deck::ChangeTrumpCard(Santase.Logic.Cards.Card)</Name>
              <FileRef uid="26" />
              <SequencePoints>
                <SequencePoint vc="0" uspid="879" ordinal="0" offset="0" sl="50" sc="9" el="50" ec="10" bec="0" bev="0" fileid="26" />
                <SequencePoint vc="0" uspid="880" ordinal="1" offset="1" sl="51" sc="13" el="51" ec="38" bec="0" bev="0" fileid="26" />
                <SequencePoint vc="0" uspid="881" ordinal="2" offset="8" sl="52" sc="13" el="52" ec="44" bec="2" bev="0" fileid="26" />
                <SequencePoint vc="0" uspid="882" ordinal="3" offset="26" sl="53" sc="13" el="53" ec="14" bec="0" bev="0" fileid="26" />
                <SequencePoint vc="0" uspid="883" ordinal="4" offset="27" sl="54" sc="17" el="54" ec="47" bec="0" bev="0" fileid="26" />
                <SequencePoint vc="0" uspid="884" ordinal="5" offset="41" sl="55" sc="13" el="55" ec="14" bec="0" bev="0" fileid="26" />
                <SequencePoint vc="0" uspid="885" ordinal="6" offset="42" sl="56" sc="9" el="56" ec="10" bec="0" bev="0" fileid="26" />
              </SequencePoints>
              <BranchPoints>
                <BranchPoint vc="0" uspid="886" ordinal="0" offset="24" sl="52" path="0" offsetend="26" fileid="26" />
                <BranchPoint vc="0" uspid="887" ordinal="1" offset="24" sl="52" path="1" offsetend="42" fileid="26" />
              </BranchPoints>
              <MethodPoint xsi:type="SequencePoint" vc="0" uspid="879" ordinal="0" offset="0" sl="50" sc="9" el="50" ec="10" bec="0" bev="0" fileid="26" />
            </Method>
            <Method visited="true" cyclomaticComplexity="1" nPathComplexity="0" sequenceCoverage="100" branchCoverage="100" isConstructor="false" isStatic="false" isGetter="false" isSetter="false">
              <Summary numSequencePoints="3" visitedSequencePoints="3" numBranchPoints="1" visitedBranchPoints="1" sequenceCoverage="100" branchCoverage="100" maxCyclomaticComplexity="1" minCyclomaticComplexity="1" visitedClasses="0" numClasses="0" visitedMethods="1" numMethods="1" />
              <MetadataToken>100663438</MetadataToken>
              <Name>System.Collections.Generic.IEnumerable`1&lt;Santase.Logic.Cards.CardType&gt; Santase.Logic.Cards.Deck::GetAllCardTypes()</Name>
              <FileRef uid="26" />
              <SequencePoints>
                <SequencePoint vc="4" uspid="888" ordinal="0" offset="0" sl="59" sc="9" el="59" ec="10" bec="0" bev="0" fileid="26" />
                <SequencePoint vc="4" uspid="889" ordinal="1" offset="1" sl="60" sc="13" el="68" ec="15" bec="0" bev="0" fileid="26" />
                <SequencePoint vc="4" uspid="890" ordinal="2" offset="57" sl="69" sc="9" el="69" ec="10" bec="0" bev="0" fileid="26" />
              </SequencePoints>
              <BranchPoints />
              <MethodPoint xsi:type="SequencePoint" vc="4" uspid="888" ordinal="0" offset="0" sl="59" sc="9" el="59" ec="10" bec="0" bev="0" fileid="26" />
            </Method>
            <Method visited="true" cyclomaticComplexity="1" nPathComplexity="0" sequenceCoverage="100" branchCoverage="100" isConstructor="false" isStatic="false" isGetter="false" isSetter="false">
              <Summary numSequencePoints="3" visitedSequencePoints="3" numBranchPoints="1" visitedBranchPoints="1" sequenceCoverage="100" branchCoverage="100" maxCyclomaticComplexity="1" minCyclomaticComplexity="1" visitedClasses="0" numClasses="0" visitedMethods="1" numMethods="1" />
              <MetadataToken>100663439</MetadataToken>
              <Name>System.Collections.Generic.IEnumerable`1&lt;Santase.Logic.Cards.CardSuit&gt; Santase.Logic.Cards.Deck::GetAllCardSuits()</Name>
              <FileRef uid="26" />
              <SequencePoints>
                <SequencePoint vc="1" uspid="891" ordinal="0" offset="0" sl="72" sc="9" el="72" ec="10" bec="0" bev="0" fileid="26" />
                <SequencePoint vc="1" uspid="892" ordinal="1" offset="1" sl="73" sc="13" el="79" ec="15" bec="0" bev="0" fileid="26" />
                <SequencePoint vc="1" uspid="893" ordinal="2" offset="41" sl="80" sc="9" el="80" ec="10" bec="0" bev="0" fileid="26" />
              </SequencePoints>
              <BranchPoints />
              <MethodPoint xsi:type="SequencePoint" vc="1" uspid="891" ordinal="0" offset="0" sl="72" sc="9" el="72" ec="10" bec="0" bev="0" fileid="26" />
            </Method>
          </Methods>
        </Class>
      </Classes>
    </Module>
  </Modules>
</CoverageSession>